[1021/100932.582:ERROR:directory_reader_win.cc(43)] FindFirstFile: Системе не удается найти указанный путь. (0x3)
[1023/103109.842:ERROR:directory_reader_win.cc(43)] FindFirstFile: Системе не удается найти указанный путь. (0x3)
[1023/155300.508:ERROR:directory_reader_win.cc(43)] FindFirstFile: Системе не удается найти указанный путь. (0x3)
[1024/121758.329:ERROR:directory_reader_win.cc(43)] FindFirstFile: Системе не удается найти указанный путь. (0x3)
[1025/185454.636:ERROR:process_memory_win.cc(73)] ReadMemory at 0x7ffc67ab3ad0 of 45 bytes failed: Запрос ReadProcessMemory или WriteProcessMemory был выполнен только частично. (0x12B)
[1025/185454.653:WARNING:pe_image_reader.cc(191)] could not read debug directory from C:\Windows\System32\bcryptPrimitives.dll
[1025/185454.653:ERROR:process_memory_win.cc(73)] ReadMemory at 0x7ffc67a40000 of 64 bytes failed: Запрос ReadProcessMemory или WriteProcessMemory был выполнен только частично. (0x12B)
[1025/185454.653:WARNING:pe_image_reader.cc(340)] could not read dos header from C:\Windows\System32\bcryptPrimitives.dll
[1025/185454.653:ERROR:process_memory_win.cc(73)] ReadMemory at 0x7ffc67050000 of 64 bytes failed: Запрос ReadProcessMemory или WriteProcessMemory был выполнен только частично. (0x12B)
[1025/185454.653:WARNING:pe_image_reader.cc(340)] could not read dos header from C:\Windows\SYSTEM32\CRYPTBASE.DLL
[1025/185454.653:ERROR:process_memory_win.cc(73)] ReadMemory at 0x7ffc67050000 of 64 bytes failed: Запрос ReadProcessMemory или WriteProcessMemory был выполнен только частично. (0x12B)
[1025/185454.653:WARNING:pe_image_reader.cc(340)] could not read dos header from C:\Windows\SYSTEM32\CRYPTBASE.DLL
[1025/185454.653:ERROR:process_memory_win.cc(73)] ReadMemory at 0x7ffc6a15c168 of 8 bytes failed: Запрос ReadProcessMemory или WriteProcessMemory был выполнен только частично. (0x12B)
[1025/185454.653:ERROR:process_snapshot_win.cc(311)] failed to read target address
[1025/185454.682:ERROR:process_memory_win.cc(73)] ReadMemory at 0x7ff792080000 of 64 bytes failed: Запрос ReadProcessMemory или WriteProcessMemory был выполнен только частично. (0x12B)
[1025/185454.682:WARNING:pe_image_reader.cc(340)] could not read dos header from C:\Program Files (x86)\Google\Chrome\Application\chrome.exe
[1025/185454.682:ERROR:process_memory_win.cc(73)] ReadMemory at 0x7ffc69ff0000 of 64 bytes failed: Запрос ReadProcessMemory или WriteProcessMemory был выполнен только частично. (0x12B)
[1025/185454.682:WARNING:pe_image_reader.cc(340)] could not read dos header from C:\Windows\SYSTEM32\ntdll.dll
[1025/185454.682:ERROR:process_memory_win.cc(73)] ReadMemory at 0x7ffc687e0000 of 64 bytes failed: Запрос ReadProcessMemory или WriteProcessMemory был выполнен только частично. (0x12B)
[1025/185454.682:WARNING:pe_image_reader.cc(340)] could not read dos header from C:\Windows\System32\KERNEL32.DLL
[1025/185454.684:ERROR:process_memory_win.cc(73)] ReadMemory at 0x7ffc67740000 of 64 bytes failed: Запрос ReadProcessMemory или WriteProcessMemory был выполнен только частично. (0x12B)
[1025/185454.684:WARNING:pe_image_reader.cc(340)] could not read dos header from C:\Windows\System32\KERNELBASE.dll
[1025/185454.684:ERROR:process_memory_win.cc(73)] ReadMemory at 0x7ffc41130000 of 64 bytes failed: Запрос ReadProcessMemory или WriteProcessMemory был выполнен только частично. (0x12B)
[1025/185454.684:WARNING:pe_image_reader.cc(340)] could not read dos header from C:\Program Files (x86)\Google\Chrome\Application\86.0.4240.111\chrome_elf.dll
[1025/185454.684:ERROR:process_memory_win.cc(73)] ReadMemory at 0x7ffc60ed0000 of 64 bytes failed: Запрос ReadProcessMemory или WriteProcessMemory был выполнен только частично. (0x12B)
[1025/185454.684:WARNING:pe_image_reader.cc(340)] could not read dos header from C:\Windows\SYSTEM32\VERSION.dll
[1025/185454.684:ERROR:process_memory_win.cc(73)] ReadMemory at 0x7ffc689d0000 of 64 bytes failed: Запрос ReadProcessMemory или WriteProcessMemory был выполнен только частично. (0x12B)
[1025/185454.684:WARNING:pe_image_reader.cc(340)] could not read dos header from C:\Windows\System32\msvcrt.dll
[1025/185454.684:ERROR:process_memory_win.cc(73)] ReadMemory at 0x7ffc68ec0000 of 64 bytes failed: Запрос ReadProcessMemory или WriteProcessMemory был выполнен только частично. (0x12B)
[1025/185454.684:WARNING:pe_image_reader.cc(340)] could not read dos header from C:\Windows\System32\ADVAPI32.dll
[1025/185454.684:ERROR:process_memory_win.cc(73)] ReadMemory at 0x7ffc69d70000 of 64 bytes failed: Запрос ReadProcessMemory или WriteProcessMemory был выполнен только частично. (0x12B)
[1025/185454.684:WARNING:pe_image_reader.cc(340)] could not read dos header from C:\Windows\System32\sechost.dll
[1025/185454.684:ERROR:process_memory_win.cc(73)] ReadMemory at 0x7ffc69be0000 of 64 bytes failed: Запрос ReadProcessMemory или WriteProcessMemory был выполнен только частично. (0x12B)
[1025/185454.684:WARNING:pe_image_reader.cc(340)] could not read dos header from C:\Windows\System32\RPCRT4.dll
[1025/185454.684:ERROR:process_memory_win.cc(73)] ReadMemory at 0x7ffc270d0000 of 64 bytes failed: Запрос ReadProcessMemory или WriteProcessMemory был выполнен только частично. (0x12B)
[1025/185454.684:WARNING:pe_image_reader.cc(340)] could not read dos header from C:\Program Files (x86)\Google\Chrome\Application\86.0.4240.111\chrome.dll
[1025/185454.684:ERROR:process_memory_win.cc(73)] ReadMemory at 0x7ffc68f70000 of 64 bytes failed: Запрос ReadProcessMemory или WriteProcessMemory был выполнен только частично. (0x12B)
[1025/185454.684:WARNING:pe_image_reader.cc(340)] could not read dos header from C:\Windows\System32\WS2_32.dll
[1025/185454.684:ERROR:process_memory_win.cc(73)] ReadMemory at 0x7ffc68d30000 of 64 bytes failed: Запрос ReadProcessMemory или WriteProcessMemory был выполнен только частично. (0x12B)
[1025/185454.684:WARNING:pe_image_reader.cc(340)] could not read dos header from C:\Windows\System32\OLEAUT32.dll
[1025/185454.684:ERROR:process_memory_win.cc(73)] ReadMemory at 0x7ffc67c00000 of 64 bytes failed: Запрос ReadProcessMemory или WriteProcessMemory был выполнен только частично. (0x12B)
[1025/185454.684:WARNING:pe_image_reader.cc(340)] could not read dos header from C:\Windows\System32\msvcp_win.dll
[1025/185454.684:ERROR:process_memory_win.cc(73)] ReadMemory at 0x7ffc67e00000 of 64 bytes failed: Запрос ReadProcessMemory или WriteProcessMemory был выполнен только частично. (0x12B)
[1025/185454.684:WARNING:pe_image_reader.cc(340)] could not read dos header from C:\Windows\System32\ucrtbase.dll
[1025/185454.684:ERROR:process_memory_win.cc(73)] ReadMemory at 0x7ffc69410000 of 64 bytes failed: Запрос ReadProcessMemory или WriteProcessMemory был выполнен только частично. (0x12B)
[1025/185454.684:WARNING:pe_image_reader.cc(340)] could not read dos header from C:\Windows\System32\combase.dll
[1025/185454.684:ERROR:process_memory_win.cc(73)] ReadMemory at 0x7ffc67af0000 of 64 bytes failed: Запрос ReadProcessMemory или WriteProcessMemory был выполнен только частично. (0x12B)
[1025/185454.684:WARNING:pe_image_reader.cc(340)] could not read dos header from C:\Windows\System32\WINTRUST.dll
[1025/185454.684:ERROR:process_memory_win.cc(73)] ReadMemory at 0x7ffc67ca0000 of 64 bytes failed: Запрос ReadProcessMemory или WriteProcessMemory был выполнен только частично. (0x12B)
[1025/185454.684:WARNING:pe_image_reader.cc(340)] could not read dos header from C:\Windows\System32\CRYPT32.dll
[1025/185454.684:ERROR:process_memory_win.cc(73)] ReadMemory at 0x7ffc53770000 of 64 bytes failed: Запрос ReadProcessMemory или WriteProcessMemory был выполнен только частично. (0x12B)
[1025/185454.684:WARNING:pe_image_reader.cc(340)] could not read dos header from C:\Windows\SYSTEM32\dbghelp.dll
[1025/185454.684:ERROR:process_memory_win.cc(73)] ReadMemory at 0x7ffc66b50000 of 64 bytes failed: Запрос ReadProcessMemory или WriteProcessMemory был выполнен только частично. (0x12B)
[1025/185454.684:WARNING:pe_image_reader.cc(340)] could not read dos header from C:\Windows\SYSTEM32\IPHLPAPI.DLL
[1025/185454.684:ERROR:process_memory_win.cc(73)] ReadMemory at 0x7ffc5bea0000 of 64 bytes failed: Запрос ReadProcessMemory или WriteProcessMemory был выполнен только частично. (0x12B)
[1025/185454.684:WARNING:pe_image_reader.cc(340)] could not read dos header from C:\Windows\SYSTEM32\WINMM.dll
[1025/185454.684:ERROR:process_memory_win.cc(73)] ReadMemory at 0x7ffc4bae0000 of 64 bytes failed: Запрос ReadProcessMemory или WriteProcessMemory был выполнен только частично. (0x12B)
[1025/185454.684:WARNING:pe_image_reader.cc(340)] could not read dos header from C:\Windows\SYSTEM32\UIAutomationCore.DLL
[1025/185454.684:ERROR:process_memory_win.cc(73)] ReadMemory at 0x7ffc62830000 of 64 bytes failed: Запрос ReadProcessMemory или WriteProcessMemory был выполнен только частично. (0x12B)
[1025/185454.684:WARNING:pe_image_reader.cc(340)] could not read dos header from C:\Windows\SYSTEM32\Secur32.dll
[1025/185454.684:ERROR:process_memory_win.cc(73)] ReadMemory at 0x7ffc675f0000 of 64 bytes failed: Запрос ReadProcessMemory или WriteProcessMemory был выполнен только частично. (0x12B)
[1025/185454.684:WARNING:pe_image_reader.cc(340)] could not read dos header from C:\Windows\SYSTEM32\USERENV.dll
[1025/185454.684:ERROR:process_memory_win.cc(73)] ReadMemory at 0x7ffc5ce90000 of 64 bytes failed: Запрос ReadProcessMemory или WriteProcessMemory был выполнен только частично. (0x12B)
[1025/185454.684:WARNING:pe_image_reader.cc(340)] could not read dos header from C:\Windows\SYSTEM32\DWrite.dll
[1025/185454.684:ERROR:process_memory_win.cc(73)] ReadMemory at 0x7ffc5c4c0000 of 64 bytes failed: Запрос ReadProcessMemory или WriteProcessMemory был выполнен только частично. (0x12B)
[1025/185454.684:WARNING:pe_image_reader.cc(340)] could not read dos header from C:\Windows\SYSTEM32\WINSPOOL.DRV
[1025/185454.684:ERROR:process_memory_win.cc(73)] ReadMemory at 0x7ffc606b0000 of 64 bytes failed: Запрос ReadProcessMemory или WriteProcessMemory был выполнен только частично. (0x12B)
[1025/185454.684:WARNING:pe_image_reader.cc(340)] could not read dos header from C:\Windows\SYSTEM32\WINHTTP.dll
[1025/185454.684:ERROR:process_memory_win.cc(73)] ReadMemory at 0x7ffc60c00000 of 64 bytes failed: Запрос ReadProcessMemory или WriteProcessMemory был выполнен только частично. (0x12B)
[1025/185454.684:WARNING:pe_image_reader.cc(340)] could not read dos header from C:\Windows\SYSTEM32\dhcpcsvc.DLL
[1025/185454.684:ERROR:process_memory_win.cc(73)] ReadMemory at 0x7ffc63380000 of 64 bytes failed: Запрос ReadProcessMemory или WriteProcessMemory был выполнен только частично. (0x12B)
[1025/185454.684:WARNING:pe_image_reader.cc(340)] could not read dos header from C:\Windows\SYSTEM32\PROPSYS.dll
[1025/185454.684:ERROR:process_memory_win.cc(73)] ReadMemory at 0x7ffc67620000 of 64 bytes failed: Запрос ReadProcessMemory или WriteProcessMemory был выполнен только частично. (0x12B)
[1025/185454.684:WARNING:pe_image_reader.cc(340)] could not read dos header from C:\Windows\SYSTEM32\SSPICLI.DLL
[1025/185454.684:ERROR:process_memory_win.cc(73)] ReadMemory at 0x7ffc672c0000 of 64 bytes failed: Запрос ReadProcessMemory или WriteProcessMemory был выполнен только частично. (0x12B)
[1025/185454.684:WARNING:pe_image_reader.cc(340)] could not read dos header from C:\Windows\System32\MSASN1.dll
[1025/185454.684:ERROR:process_memory_win.cc(73)] ReadMemory at 0x7ffc67a40000 of 64 bytes failed: Запрос ReadProcessMemory или WriteProcessMemory был выполнен только частично. (0x12B)
[1025/185454.684:WARNING:pe_image_reader.cc(340)] could not read dos header from C:\Windows\System32\bcryptPrimitives.dll
[1025/185454.684:ERROR:process_memory_win.cc(73)] ReadMemory at 0x7ffc67050000 of 64 bytes failed: Запрос ReadProcessMemory или WriteProcessMemory был выполнен только частично. (0x12B)
[1025/185454.684:WARNING:pe_image_reader.cc(340)] could not read dos header from C:\Windows\SYSTEM32\CRYPTBASE.DLL
[1025/185454.684:ERROR:process_memory_win.cc(73)] ReadMemory at 0x7ff792080000 of 64 bytes failed: Запрос ReadProcessMemory или WriteProcessMemory был выполнен только частично. (0x12B)
[1025/185454.684:WARNING:pe_image_reader.cc(340)] could not read dos header from C:\Program Files (x86)\Google\Chrome\Application\chrome.exe
[1025/185454.684:ERROR:process_memory_win.cc(73)] ReadMemory at 0x7ff792080000 of 64 bytes failed: Запрос ReadProcessMemory или WriteProcessMemory был выполнен только частично. (0x12B)
[1025/185454.684:WARNING:pe_image_reader.cc(340)] could not read dos header from C:\Program Files (x86)\Google\Chrome\Application\chrome.exe
[1025/185454.684:ERROR:process_memory_win.cc(73)] ReadMemory at 0x7ffc69ff0000 of 64 bytes failed: Запрос ReadProcessMemory или WriteProcessMemory был выполнен только частично. (0x12B)
[1025/185454.684:WARNING:pe_image_reader.cc(340)] could not read dos header from C:\Windows\SYSTEM32\ntdll.dll
[1025/185454.684:ERROR:process_memory_win.cc(73)] ReadMemory at 0x7ffc69ff0000 of 64 bytes failed: Запрос ReadProcessMemory или WriteProcessMemory был выполнен только частично. (0x12B)
[1025/185454.684:WARNING:pe_image_reader.cc(340)] could not read dos header from C:\Windows\SYSTEM32\ntdll.dll
[1025/185454.684:ERROR:process_memory_win.cc(73)] ReadMemory at 0x7ffc687e0000 of 64 bytes failed: Запрос ReadProcessMemory или WriteProcessMemory был выполнен только частично. (0x12B)
[1025/185454.684:WARNING:pe_image_reader.cc(340)] could not read dos header from C:\Windows\System32\KERNEL32.DLL
[1025/185454.684:ERROR:process_memory_win.cc(73)] ReadMemory at 0x7ffc687e0000 of 64 bytes failed: Запрос ReadProcessMemory или WriteProcessMemory был выполнен только частично. (0x12B)
[1025/185454.684:WARNING:pe_image_reader.cc(340)] could not read dos header from C:\Windows\System32\KERNEL32.DLL
[1025/185454.684:ERROR:process_memory_win.cc(73)] ReadMemory at 0x7ffc67740000 of 64 bytes failed: Запрос ReadProcessMemory или WriteProcessMemory был выполнен только частично. (0x12B)
[1025/185454.684:WARNING:pe_image_reader.cc(340)] could not read dos header from C:\Windows\System32\KERNELBASE.dll
[1025/185454.684:ERROR:process_memory_win.cc(73)] ReadMemory at 0x7ffc67740000 of 64 bytes failed: Запрос ReadProcessMemory или WriteProcessMemory был выполнен только частично. (0x12B)
[1025/185454.684:WARNING:pe_image_reader.cc(340)] could not read dos header from C:\Windows\System32\KERNELBASE.dll
[1025/185454.684:ERROR:process_memory_win.cc(73)] ReadMemory at 0x7ffc41130000 of 64 bytes failed: Запрос ReadProcessMemory или WriteProcessMemory был выполнен только частично. (0x12B)
[1025/185454.684:WARNING:pe_image_reader.cc(340)] could not read dos header from C:\Program Files (x86)\Google\Chrome\Application\86.0.4240.111\chrome_elf.dll
[1025/185454.684:ERROR:process_memory_win.cc(73)] ReadMemory at 0x7ffc41130000 of 64 bytes failed: Запрос ReadProcessMemory или WriteProcessMemory был выполнен только частично. (0x12B)
[1025/185454.684:WARNING:pe_image_reader.cc(340)] could not read dos header from C:\Program Files (x86)\Google\Chrome\Application\86.0.4240.111\chrome_elf.dll
[1025/185454.684:ERROR:process_memory_win.cc(73)] ReadMemory at 0x7ffc60ed0000 of 64 bytes failed: Запрос ReadProcessMemory или WriteProcessMemory был выполнен только частично. (0x12B)
[1025/185454.684:WARNING:pe_image_reader.cc(340)] could not read dos header from C:\Windows\SYSTEM32\VERSION.dll
[1025/185454.684:ERROR:process_memory_win.cc(73)] ReadMemory at 0x7ffc60ed0000 of 64 bytes failed: Запрос ReadProcessMemory или WriteProcessMemory был выполнен только частично. (0x12B)
[1025/185454.684:WARNING:pe_image_reader.cc(340)] could not read dos header from C:\Windows\SYSTEM32\VERSION.dll
[1025/185454.684:ERROR:process_memory_win.cc(73)] ReadMemory at 0x7ffc689d0000 of 64 bytes failed: Запрос ReadProcessMemory или WriteProcessMemory был выполнен только частично. (0x12B)
[1025/185454.684:WARNING:pe_image_reader.cc(340)] could not read dos header from C:\Windows\System32\msvcrt.dll
[1025/185454.684:ERROR:process_memory_win.cc(73)] ReadMemory at 0x7ffc689d0000 of 64 bytes failed: Запрос ReadProcessMemory или WriteProcessMemory был выполнен только частично. (0x12B)
[1025/185454.684:WARNING:pe_image_reader.cc(340)] could not read dos header from C:\Windows\System32\msvcrt.dll
[1025/185454.691:ERROR:process_memory_win.cc(73)] ReadMemory at 0x7ffc68ec0000 of 64 bytes failed: Запрос ReadProcessMemory или WriteProcessMemory был выполнен только частично. (0x12B)
[1025/185454.692:WARNING:pe_image_reader.cc(340)] could not read dos header from C:\Windows\System32\ADVAPI32.dll
[1025/185454.692:ERROR:process_memory_win.cc(73)] ReadMemory at 0x7ffc68ec0000 of 64 bytes failed: Запрос ReadProcessMemory или WriteProcessMemory был выполнен только частично. (0x12B)
[1025/185454.692:WARNING:pe_image_reader.cc(340)] could not read dos header from C:\Windows\System32\ADVAPI32.dll
[1025/185454.692:ERROR:process_memory_win.cc(73)] ReadMemory at 0x7ffc69d70000 of 64 bytes failed: Запрос ReadProcessMemory или WriteProcessMemory был выполнен только частично. (0x12B)
[1025/185454.694:WARNING:pe_image_reader.cc(340)] could not read dos header from C:\Windows\System32\sechost.dll
[1025/185454.694:ERROR:process_memory_win.cc(73)] ReadMemory at 0x7ffc69d70000 of 64 bytes failed: Запрос ReadProcessMemory или WriteProcessMemory был выполнен только частично. (0x12B)
[1025/185454.694:WARNING:pe_image_reader.cc(340)] could not read dos header from C:\Windows\System32\sechost.dll
[1025/185454.694:ERROR:process_memory_win.cc(73)] ReadMemory at 0x7ffc69be0000 of 64 bytes failed: Запрос ReadProcessMemory или WriteProcessMemory был выполнен только частично. (0x12B)
[1025/185454.694:WARNING:pe_image_reader.cc(340)] could not read dos header from C:\Windows\System32\RPCRT4.dll
[1025/185454.694:ERROR:process_memory_win.cc(73)] ReadMemory at 0x7ffc69be0000 of 64 bytes failed: Запрос ReadProcessMemory или WriteProcessMemory был выполнен только частично. (0x12B)
[1025/185454.694:WARNING:pe_image_reader.cc(340)] could not read dos header from C:\Windows\System32\RPCRT4.dll
[1025/185454.694:ERROR:process_memory_win.cc(73)] ReadMemory at 0x7ffc270d0000 of 64 bytes failed: Запрос ReadProcessMemory или WriteProcessMemory был выполнен только частично. (0x12B)
[1025/185454.694:WARNING:pe_image_reader.cc(340)] could not read dos header from C:\Program Files (x86)\Google\Chrome\Application\86.0.4240.111\chrome.dll
[1025/185454.694:ERROR:process_memory_win.cc(73)] ReadMemory at 0x7ffc270d0000 of 64 bytes failed: Запрос ReadProcessMemory или WriteProcessMemory был выполнен только частично. (0x12B)
[1025/185454.694:WARNING:pe_image_reader.cc(340)] could not read dos header from C:\Program Files (x86)\Google\Chrome\Application\86.0.4240.111\chrome.dll
[1025/185454.694:ERROR:process_memory_win.cc(73)] ReadMemory at 0x7ffc68f70000 of 64 bytes failed: Запрос ReadProcessMemory или WriteProcessMemory был выполнен только частично. (0x12B)
[1025/185454.694:WARNING:pe_image_reader.cc(340)] could not read dos header from C:\Windows\System32\WS2_32.dll
[1025/185454.694:ERROR:process_memory_win.cc(73)] ReadMemory at 0x7ffc68f70000 of 64 bytes failed: Запрос ReadProcessMemory или WriteProcessMemory был выполнен только частично. (0x12B)
[1025/185454.694:WARNING:pe_image_reader.cc(340)] could not read dos header from C:\Windows\System32\WS2_32.dll
[1025/185454.694:ERROR:process_memory_win.cc(73)] ReadMemory at 0x7ffc68d30000 of 64 bytes failed: Запрос ReadProcessMemory или WriteProcessMemory был выполнен только частично. (0x12B)
[1025/185454.694:WARNING:pe_image_reader.cc(340)] could not read dos header from C:\Windows\System32\OLEAUT32.dll
[1025/185454.694:ERROR:process_memory_win.cc(73)] ReadMemory at 0x7ffc68d30000 of 64 bytes failed: Запрос ReadProcessMemory или WriteProcessMemory был выполнен только частично. (0x12B)
[1025/185454.694:WARNING:pe_image_reader.cc(340)] could not read dos header from C:\Windows\System32\OLEAUT32.dll
[1025/185454.694:ERROR:process_memory_win.cc(73)] ReadMemory at 0x7ffc67c00000 of 64 bytes failed: Запрос ReadProcessMemory или WriteProcessMemory был выполнен только частично. (0x12B)
[1025/185454.694:WARNING:pe_image_reader.cc(340)] could not read dos header from C:\Windows\System32\msvcp_win.dll
[1025/185454.694:ERROR:process_memory_win.cc(73)] ReadMemory at 0x7ffc67c00000 of 64 bytes failed: Запрос ReadProcessMemory или WriteProcessMemory был выполнен только частично. (0x12B)
[1025/185454.694:WARNING:pe_image_reader.cc(340)] could not read dos header from C:\Windows\System32\msvcp_win.dll
[1025/185454.694:ERROR:process_memory_win.cc(73)] ReadMemory at 0x7ffc67e00000 of 64 bytes failed: Запрос ReadProcessMemory или WriteProcessMemory был выполнен только частично. (0x12B)
[1025/185454.694:WARNING:pe_image_reader.cc(340)] could not read dos header from C:\Windows\System32\ucrtbase.dll
[1025/185454.694:ERROR:process_memory_win.cc(73)] ReadMemory at 0x7ffc67e00000 of 64 bytes failed: Запрос ReadProcessMemory или WriteProcessMemory был выполнен только частично. (0x12B)
[1025/185454.694:WARNING:pe_image_reader.cc(340)] could not read dos header from C:\Windows\System32\ucrtbase.dll
[1025/185454.694:ERROR:process_memory_win.cc(73)] ReadMemory at 0x7ffc69410000 of 64 bytes failed: Запрос ReadProcessMemory или WriteProcessMemory был выполнен только частично. (0x12B)
[1025/185454.694:WARNING:pe_image_reader.cc(340)] could not read dos header from C:\Windows\System32\combase.dll
[1025/185454.694:ERROR:process_memory_win.cc(73)] ReadMemory at 0x7ffc69410000 of 64 bytes failed: Запрос ReadProcessMemory или WriteProcessMemory был выполнен только частично. (0x12B)
[1025/185454.694:WARNING:pe_image_reader.cc(340)] could not read dos header from C:\Windows\System32\combase.dll
[1025/185454.694:ERROR:process_memory_win.cc(73)] ReadMemory at 0x7ffc67af0000 of 64 bytes failed: Запрос ReadProcessMemory или WriteProcessMemory был выполнен только частично. (0x12B)
[1025/185454.694:WARNING:pe_image_reader.cc(340)] could not read dos header from C:\Windows\System32\WINTRUST.dll
[1025/185454.701:ERROR:process_memory_win.cc(73)] ReadMemory at 0x7ffc67af0000 of 64 bytes failed: Запрос ReadProcessMemory или WriteProcessMemory был выполнен только частично. (0x12B)
[1025/185454.701:WARNING:pe_image_reader.cc(340)] could not read dos header from C:\Windows\System32\WINTRUST.dll
[1025/185454.704:ERROR:process_memory_win.cc(73)] ReadMemory at 0x7ffc67ca0000 of 64 bytes failed: Запрос ReadProcessMemory или WriteProcessMemory был выполнен только частично. (0x12B)
[1025/185454.706:WARNING:pe_image_reader.cc(340)] could not read dos header from C:\Windows\System32\CRYPT32.dll
[1025/185454.706:ERROR:process_memory_win.cc(73)] ReadMemory at 0x7ffc67ca0000 of 64 bytes failed: Запрос ReadProcessMemory или WriteProcessMemory был выполнен только частично. (0x12B)
[1025/185454.706:WARNING:pe_image_reader.cc(340)] could not read dos header from C:\Windows\System32\CRYPT32.dll
[1025/185454.706:ERROR:process_memory_win.cc(73)] ReadMemory at 0x7ffc53770000 of 64 bytes failed: Запрос ReadProcessMemory или WriteProcessMemory был выполнен только частично. (0x12B)
[1025/185454.706:WARNING:pe_image_reader.cc(340)] could not read dos header from C:\Windows\SYSTEM32\dbghelp.dll
[1025/185454.706:ERROR:process_memory_win.cc(73)] ReadMemory at 0x7ffc53770000 of 64 bytes failed: Запрос ReadProcessMemory или WriteProcessMemory был выполнен только частично. (0x12B)
[1025/185454.706:WARNING:pe_image_reader.cc(340)] could not read dos header from C:\Windows\SYSTEM32\dbghelp.dll
[1025/185454.706:ERROR:process_memory_win.cc(73)] ReadMemory at 0x7ffc66b50000 of 64 bytes failed: Запрос ReadProcessMemory или WriteProcessMemory был выполнен только частично. (0x12B)
[1025/185454.706:WARNING:pe_image_reader.cc(340)] could not read dos header from C:\Windows\SYSTEM32\IPHLPAPI.DLL
[1025/185454.712:ERROR:process_memory_win.cc(73)] ReadMemory at 0x7ffc66b50000 of 64 bytes failed: Запрос ReadProcessMemory или WriteProcessMemory был выполнен только частично. (0x12B)
[1025/185454.712:WARNING:pe_image_reader.cc(340)] could not read dos header from C:\Windows\SYSTEM32\IPHLPAPI.DLL
[1025/185454.713:ERROR:process_memory_win.cc(73)] ReadMemory at 0x7ffc5bea0000 of 64 bytes failed: Запрос ReadProcessMemory или WriteProcessMemory был выполнен только частично. (0x12B)
[1025/185454.713:WARNING:pe_image_reader.cc(340)] could not read dos header from C:\Windows\SYSTEM32\WINMM.dll
[1025/185454.713:ERROR:process_memory_win.cc(73)] ReadMemory at 0x7ffc5bea0000 of 64 bytes failed: Запрос ReadProcessMemory или WriteProcessMemory был выполнен только частично. (0x12B)
[1025/185454.713:WARNING:pe_image_reader.cc(340)] could not read dos header from C:\Windows\SYSTEM32\WINMM.dll
[1025/185454.715:ERROR:process_memory_win.cc(73)] ReadMemory at 0x7ffc4bae0000 of 64 bytes failed: Запрос ReadProcessMemory или WriteProcessMemory был выполнен только частично. (0x12B)
[1025/185454.715:WARNING:pe_image_reader.cc(340)] could not read dos header from C:\Windows\SYSTEM32\UIAutomationCore.DLL
[1025/185454.715:ERROR:process_memory_win.cc(73)] ReadMemory at 0x7ffc4bae0000 of 64 bytes failed: Запрос ReadProcessMemory или WriteProcessMemory был выполнен только частично. (0x12B)
[1025/185454.715:WARNING:pe_image_reader.cc(340)] could not read dos header from C:\Windows\SYSTEM32\UIAutomationCore.DLL
[1025/185454.715:ERROR:process_memory_win.cc(73)] ReadMemory at 0x7ffc62830000 of 64 bytes failed: Запрос ReadProcessMemory или WriteProcessMemory был выполнен только частично. (0x12B)
[1025/185454.715:WARNING:pe_image_reader.cc(340)] could not read dos header from C:\Windows\SYSTEM32\Secur32.dll
[1025/185454.715:ERROR:process_memory_win.cc(73)] ReadMemory at 0x7ffc62830000 of 64 bytes failed: Запрос ReadProcessMemory или WriteProcessMemory был выполнен только частично. (0x12B)
[1025/185454.715:WARNING:pe_image_reader.cc(340)] could not read dos header from C:\Windows\SYSTEM32\Secur32.dll
[1025/185454.715:ERROR:process_memory_win.cc(73)] ReadMemory at 0x7ffc675f0000 of 64 bytes failed: Запрос ReadProcessMemory или WriteProcessMemory был выполнен только частично. (0x12B)
[1025/185454.715:WARNING:pe_image_reader.cc(340)] could not read dos header from C:\Windows\SYSTEM32\USERENV.dll
[1025/185454.715:ERROR:process_memory_win.cc(73)] ReadMemory at 0x7ffc675f0000 of 64 bytes failed: Запрос ReadProcessMemory или WriteProcessMemory был выполнен только частично. (0x12B)
[1025/185454.715:WARNING:pe_image_reader.cc(340)] could not read dos header from C:\Windows\SYSTEM32\USERENV.dll
[1025/185454.715:ERROR:process_memory_win.cc(73)] ReadMemory at 0x7ffc5ce90000 of 64 bytes failed: Запрос ReadProcessMemory или WriteProcessMemory был выполнен только частично. (0x12B)
[1025/185454.715:WARNING:pe_image_reader.cc(340)] could not read dos header from C:\Windows\SYSTEM32\DWrite.dll
[1025/185454.715:ERROR:process_memory_win.cc(73)] ReadMemory at 0x7ffc5ce90000 of 64 bytes failed: Запрос ReadProcessMemory или WriteProcessMemory был выполнен только частично. (0x12B)
[1025/185454.715:WARNING:pe_image_reader.cc(340)] could not read dos header from C:\Windows\SYSTEM32\DWrite.dll
[1025/185454.715:ERROR:process_memory_win.cc(73)] ReadMemory at 0x7ffc5c4c0000 of 64 bytes failed: Запрос ReadProcessMemory или WriteProcessMemory был выполнен только частично. (0x12B)
[1025/185454.715:WARNING:pe_image_reader.cc(340)] could not read dos header from C:\Windows\SYSTEM32\WINSPOOL.DRV
[1025/185454.715:ERROR:process_memory_win.cc(73)] ReadMemory at 0x7ffc5c4c0000 of 64 bytes failed: Запрос ReadProcessMemory или WriteProcessMemory был выполнен только частично. (0x12B)
[1025/185454.715:WARNING:pe_image_reader.cc(340)] could not read dos header from C:\Windows\SYSTEM32\WINSPOOL.DRV
[1025/185454.722:ERROR:process_memory_win.cc(73)] ReadMemory at 0x7ffc606b0000 of 64 bytes failed: Запрос ReadProcessMemory или WriteProcessMemory был выполнен только частично. (0x12B)
[1025/185454.722:WARNING:pe_image_reader.cc(340)] could not read dos header from C:\Windows\SYSTEM32\WINHTTP.dll
[1025/185454.724:ERROR:process_memory_win.cc(73)] ReadMemory at 0x7ffc606b0000 of 64 bytes failed: Запрос ReadProcessMemory или WriteProcessMemory был выполнен только частично. (0x12B)
[1025/185454.724:WARNING:pe_image_reader.cc(340)] could not read dos header from C:\Windows\SYSTEM32\WINHTTP.dll
[1025/185454.724:ERROR:process_memory_win.cc(73)] ReadMemory at 0x7ffc60c00000 of 64 bytes failed: Запрос ReadProcessMemory или WriteProcessMemory был выполнен только частично. (0x12B)
[1025/185454.725:WARNING:pe_image_reader.cc(340)] could not read dos header from C:\Windows\SYSTEM32\dhcpcsvc.DLL
[1025/185454.725:ERROR:process_memory_win.cc(73)] ReadMemory at 0x7ffc60c00000 of 64 bytes failed: Запрос ReadProcessMemory или WriteProcessMemory был выполнен только частично. (0x12B)
[1025/185454.725:WARNING:pe_image_reader.cc(340)] could not read dos header from C:\Windows\SYSTEM32\dhcpcsvc.DLL
[1025/185454.725:ERROR:process_memory_win.cc(73)] ReadMemory at 0x7ffc63380000 of 64 bytes failed: Запрос ReadProcessMemory или WriteProcessMemory был выполнен только частично. (0x12B)
[1025/185454.725:WARNING:pe_image_reader.cc(340)] could not read dos header from C:\Windows\SYSTEM32\PROPSYS.dll
[1025/185454.725:ERROR:process_memory_win.cc(73)] ReadMemory at 0x7ffc63380000 of 64 bytes failed: Запрос ReadProcessMemory или WriteProcessMemory был выполнен только частично. (0x12B)
[1025/185454.725:WARNING:pe_image_reader.cc(340)] could not read dos header from C:\Windows\SYSTEM32\PROPSYS.dll
[1025/185454.725:ERROR:process_memory_win.cc(73)] ReadMemory at 0x7ffc67620000 of 64 bytes failed: Запрос ReadProcessMemory или WriteProcessMemory был выполнен только частично. (0x12B)
[1025/185454.725:WARNING:pe_image_reader.cc(340)] could not read dos header from C:\Windows\SYSTEM32\SSPICLI.DLL
[1025/185454.725:ERROR:process_memory_win.cc(73)] ReadMemory at 0x7ffc67620000 of 64 bytes failed: Запрос ReadProcessMemory или WriteProcessMemory был выполнен только частично. (0x12B)
[1025/185454.725:WARNING:pe_image_reader.cc(340)] could not read dos header from C:\Windows\SYSTEM32\SSPICLI.DLL
[1025/185454.725:ERROR:process_memory_win.cc(73)] ReadMemory at 0x7ffc672c0000 of 64 bytes failed: Запрос ReadProcessMemory или WriteProcessMemory был выполнен только частично. (0x12B)
[1025/185454.725:WARNING:pe_image_reader.cc(340)] could not read dos header from C:\Windows\System32\MSASN1.dll
[1025/185454.725:ERROR:process_memory_win.cc(73)] ReadMemory at 0x7ffc672c0000 of 64 bytes failed: Запрос ReadProcessMemory или WriteProcessMemory был выполнен только частично. (0x12B)
[1025/185454.725:WARNING:pe_image_reader.cc(340)] could not read dos header from C:\Windows\System32\MSASN1.dll
[1025/185454.725:ERROR:process_memory_win.cc(73)] ReadMemory at 0x7ffc67a40000 of 64 bytes failed: Запрос ReadProcessMemory или WriteProcessMemory был выполнен только частично. (0x12B)
[1025/185454.725:WARNING:pe_image_reader.cc(340)] could not read dos header from C:\Windows\System32\bcryptPrimitives.dll
[1025/185454.725:ERROR:process_memory_win.cc(73)] ReadMemory at 0x7ffc67a40000 of 64 bytes failed: Запрос ReadProcessMemory или WriteProcessMemory был выполнен только частично. (0x12B)
[1025/185454.725:WARNING:pe_image_reader.cc(340)] could not read dos header from C:\Windows\System32\bcryptPrimitives.dll
[1025/185454.725:ERROR:process_memory_win.cc(73)] ReadMemory at 0x7ffc67050000 of 64 bytes failed: Запрос ReadProcessMemory или WriteProcessMemory был выполнен только частично. (0x12B)
[1025/185454.725:WARNING:pe_image_reader.cc(340)] could not read dos header from C:\Windows\SYSTEM32\CRYPTBASE.DLL
[1025/185454.725:ERROR:process_memory_win.cc(73)] ReadMemory at 0x7ffc67050000 of 64 bytes failed: Запрос ReadProcessMemory или WriteProcessMemory был выполнен только частично. (0x12B)
[1025/185454.725:WARNING:pe_image_reader.cc(340)] could not read dos header from C:\Windows\SYSTEM32\CRYPTBASE.DLL
[1025/185454.937:ERROR:process_memory_win.cc(73)] ReadMemory at 0x7ff792080000 of 64 bytes failed: Запрос ReadProcessMemory или WriteProcessMemory был выполнен только частично. (0x12B)
[1025/185454.937:WARNING:pe_image_reader.cc(340)] could not read dos header from C:\Program Files (x86)\Google\Chrome\Application\chrome.exe
[1025/185454.937:ERROR:process_memory_win.cc(73)] ReadMemory at 0x7ffc69ff0000 of 64 bytes failed: Запрос ReadProcessMemory или WriteProcessMemory был выполнен только частично. (0x12B)
[1025/185454.937:WARNING:pe_image_reader.cc(340)] could not read dos header from C:\Windows\SYSTEM32\ntdll.dll
[1025/185454.937:ERROR:process_memory_win.cc(73)] ReadMemory at 0x7ffc687e0000 of 64 bytes failed: Запрос ReadProcessMemory или WriteProcessMemory был выполнен только частично. (0x12B)
[1025/185454.937:WARNING:pe_image_reader.cc(340)] could not read dos header from C:\Windows\System32\KERNEL32.DLL
[1025/185454.938:ERROR:process_memory_win.cc(73)] ReadMemory at 0x7ffc67740000 of 64 bytes failed: Запрос ReadProcessMemory или WriteProcessMemory был выполнен только частично. (0x12B)
[1025/185454.938:WARNING:pe_image_reader.cc(340)] could not read dos header from C:\Windows\System32\KERNELBASE.dll
[1025/185454.938:ERROR:process_memory_win.cc(73)] ReadMemory at 0x7ffc41130000 of 64 bytes failed: Запрос ReadProcessMemory или WriteProcessMemory был выполнен только частично. (0x12B)
[1025/185454.938:WARNING:pe_image_reader.cc(340)] could not read dos header from C:\Program Files (x86)\Google\Chrome\Application\86.0.4240.111\chrome_elf.dll
[1025/185454.938:ERROR:process_memory_win.cc(73)] ReadMemory at 0x7ffc60ed0000 of 64 bytes failed: Запрос ReadProcessMemory или WriteProcessMemory был выполнен только частично. (0x12B)
[1025/185454.938:WARNING:pe_image_reader.cc(340)] could not read dos header from C:\Windows\SYSTEM32\VERSION.dll
[1025/185454.938:ERROR:process_memory_win.cc(73)] ReadMemory at 0x7ffc689d0000 of 64 bytes failed: Запрос ReadProcessMemory или WriteProcessMemory был выполнен только частично. (0x12B)
[1025/185454.938:WARNING:pe_image_reader.cc(340)] could not read dos header from C:\Windows\System32\msvcrt.dll
[1025/185454.938:ERROR:process_memory_win.cc(73)] ReadMemory at 0x7ffc68ec0000 of 64 bytes failed: Запрос ReadProcessMemory или WriteProcessMemory был выполнен только частично. (0x12B)
[1025/185454.938:WARNING:pe_image_reader.cc(340)] could not read dos header from C:\Windows\System32\ADVAPI32.dll
[1025/185454.939:ERROR:process_memory_win.cc(73)] ReadMemory at 0x7ffc69d70000 of 64 bytes failed: Запрос ReadProcessMemory или WriteProcessMemory был выполнен только частично. (0x12B)
[1025/185454.939:WARNING:pe_image_reader.cc(340)] could not read dos header from C:\Windows\System32\sechost.dll
[1025/185454.939:ERROR:process_memory_win.cc(73)] ReadMemory at 0x7ffc69be0000 of 64 bytes failed: Запрос ReadProcessMemory или WriteProcessMemory был выполнен только частично. (0x12B)
[1025/185454.939:WARNING:pe_image_reader.cc(340)] could not read dos header from C:\Windows\System32\RPCRT4.dll
[1025/185454.939:ERROR:process_memory_win.cc(73)] ReadMemory at 0x7ffc270d0000 of 64 bytes failed: Запрос ReadProcessMemory или WriteProcessMemory был выполнен только частично. (0x12B)
[1025/185454.939:WARNING:pe_image_reader.cc(340)] could not read dos header from C:\Program Files (x86)\Google\Chrome\Application\86.0.4240.111\chrome.dll
[1025/185454.939:ERROR:process_memory_win.cc(73)] ReadMemory at 0x7ffc68f70000 of 64 bytes failed: Запрос ReadProcessMemory или WriteProcessMemory был выполнен только частично. (0x12B)
[1025/185454.939:WARNING:pe_image_reader.cc(340)] could not read dos header from C:\Windows\System32\WS2_32.dll
[1025/185454.939:ERROR:process_memory_win.cc(73)] ReadMemory at 0x7ffc68d30000 of 64 bytes failed: Запрос ReadProcessMemory или WriteProcessMemory был выполнен только частично. (0x12B)
[1025/185454.939:WARNING:pe_image_reader.cc(340)] could not read dos header from C:\Windows\System32\OLEAUT32.dll
[1025/185454.939:ERROR:process_memory_win.cc(73)] ReadMemory at 0x7ffc67c00000 of 64 bytes failed: Запрос ReadProcessMemory или WriteProcessMemory был выполнен только частично. (0x12B)
[1025/185454.940:WARNING:pe_image_reader.cc(340)] could not read dos header from C:\Windows\System32\msvcp_win.dll
[1025/185454.940:ERROR:process_memory_win.cc(73)] ReadMemory at 0x7ffc67e00000 of 64 bytes failed: Запрос ReadProcessMemory или WriteProcessMemory был выполнен только частично. (0x12B)
[1025/185454.940:WARNING:pe_image_reader.cc(340)] could not read dos header from C:\Windows\System32\ucrtbase.dll
[1025/185454.940:ERROR:process_memory_win.cc(73)] ReadMemory at 0x7ffc69410000 of 64 bytes failed: Запрос ReadProcessMemory или WriteProcessMemory был выполнен только частично. (0x12B)
[1025/185454.940:WARNING:pe_image_reader.cc(340)] could not read dos header from C:\Windows\System32\combase.dll
[1025/185454.940:ERROR:process_memory_win.cc(73)] ReadMemory at 0x7ffc67af0000 of 64 bytes failed: Запрос ReadProcessMemory или WriteProcessMemory был выполнен только частично. (0x12B)
[1025/185454.940:WARNING:pe_image_reader.cc(340)] could not read dos header from C:\Windows\System32\WINTRUST.dll
[1025/185454.940:ERROR:process_memory_win.cc(73)] ReadMemory at 0x7ffc67ca0000 of 64 bytes failed: Запрос ReadProcessMemory или WriteProcessMemory был выполнен только частично. (0x12B)
[1025/185454.940:WARNING:pe_image_reader.cc(340)] could not read dos header from C:\Windows\System32\CRYPT32.dll
[1025/185454.940:ERROR:process_memory_win.cc(73)] ReadMemory at 0x7ffc53770000 of 64 bytes failed: Запрос ReadProcessMemory или WriteProcessMemory был выполнен только частично. (0x12B)
[1025/185454.940:WARNING:pe_image_reader.cc(340)] could not read dos header from C:\Windows\SYSTEM32\dbghelp.dll
[1025/185454.940:ERROR:process_memory_win.cc(73)] ReadMemory at 0x7ffc66b50000 of 64 bytes failed: Запрос ReadProcessMemory или WriteProcessMemory был выполнен только частично. (0x12B)
[1025/185454.941:WARNING:pe_image_reader.cc(340)] could not read dos header from C:\Windows\SYSTEM32\IPHLPAPI.DLL
[1025/185454.941:ERROR:process_memory_win.cc(73)] ReadMemory at 0x7ffc5bea0000 of 64 bytes failed: Запрос ReadProcessMemory или WriteProcessMemory был выполнен только частично. (0x12B)
[1025/185454.941:WARNING:pe_image_reader.cc(340)] could not read dos header from C:\Windows\SYSTEM32\WINMM.dll
[1025/185454.941:ERROR:process_memory_win.cc(73)] ReadMemory at 0x7ffc4bae0000 of 64 bytes failed: Запрос ReadProcessMemory или WriteProcessMemory был выполнен только частично. (0x12B)
[1025/185454.941:WARNING:pe_image_reader.cc(340)] could not read dos header from C:\Windows\SYSTEM32\UIAutomationCore.DLL
[1025/185454.941:ERROR:process_memory_win.cc(73)] ReadMemory at 0x7ffc62830000 of 64 bytes failed: Запрос ReadProcessMemory или WriteProcessMemory был выполнен только частично. (0x12B)
[1025/185454.941:WARNING:pe_image_reader.cc(340)] could not read dos header from C:\Windows\SYSTEM32\Secur32.dll
[1025/185454.941:ERROR:process_memory_win.cc(73)] ReadMemory at 0x7ffc675f0000 of 64 bytes failed: Запрос ReadProcessMemory или WriteProcessMemory был выполнен только частично. (0x12B)
[1025/185454.942:WARNING:pe_image_reader.cc(340)] could not read dos header from C:\Windows\SYSTEM32\USERENV.dll
[1025/185454.942:ERROR:process_memory_win.cc(73)] ReadMemory at 0x7ffc5ce90000 of 64 bytes failed: Запрос ReadProcessMemory или WriteProcessMemory был выполнен только частично. (0x12B)
[1025/185454.942:WARNING:pe_image_reader.cc(340)] could not read dos header from C:\Windows\SYSTEM32\DWrite.dll
[1025/185454.942:ERROR:process_memory_win.cc(73)] ReadMemory at 0x7ffc5c4c0000 of 64 bytes failed: Запрос ReadProcessMemory или WriteProcessMemory был выполнен только частично. (0x12B)
[1025/185454.942:WARNING:pe_image_reader.cc(340)] could not read dos header from C:\Windows\SYSTEM32\WINSPOOL.DRV
[1025/185454.942:ERROR:process_memory_win.cc(73)] ReadMemory at 0x7ffc606b0000 of 64 bytes failed: Запрос ReadProcessMemory или WriteProcessMemory был выполнен только частично. (0x12B)
[1025/185454.942:WARNING:pe_image_reader.cc(340)] could not read dos header from C:\Windows\SYSTEM32\WINHTTP.dll
[1025/185454.942:ERROR:process_memory_win.cc(73)] ReadMemory at 0x7ffc60c00000 of 64 bytes failed: Запрос ReadProcessMemory или WriteProcessMemory был выполнен только частично. (0x12B)
[1025/185454.942:WARNING:pe_image_reader.cc(340)] could not read dos header from C:\Windows\SYSTEM32\dhcpcsvc.DLL
[1025/185454.942:ERROR:process_memory_win.cc(73)] ReadMemory at 0x7ffc63380000 of 64 bytes failed: Запрос ReadProcessMemory или WriteProcessMemory был выполнен только частично. (0x12B)
[1025/185454.942:WARNING:pe_image_reader.cc(340)] could not read dos header from C:\Windows\SYSTEM32\PROPSYS.dll
[1025/185454.943:ERROR:process_memory_win.cc(73)] ReadMemory at 0x7ffc67620000 of 64 bytes failed: Запрос ReadProcessMemory или WriteProcessMemory был выполнен только частично. (0x12B)
[1025/185454.943:WARNING:pe_image_reader.cc(340)] could not read dos header from C:\Windows\SYSTEM32\SSPICLI.DLL
[1025/185454.943:ERROR:process_memory_win.cc(73)] ReadMemory at 0x7ffc672c0000 of 64 bytes failed: Запрос ReadProcessMemory или WriteProcessMemory был выполнен только частично. (0x12B)
[1025/185454.943:WARNING:pe_image_reader.cc(340)] could not read dos header from C:\Windows\System32\MSASN1.dll
[1025/185454.943:ERROR:process_memory_win.cc(73)] ReadMemory at 0x7ffc67a40000 of 64 bytes failed: Запрос ReadProcessMemory или WriteProcessMemory был выполнен только частично. (0x12B)
[1025/185454.943:WARNING:pe_image_reader.cc(340)] could not read dos header from C:\Windows\System32\bcryptPrimitives.dll
[1025/185454.943:ERROR:process_memory_win.cc(73)] ReadMemory at 0x7ffc67050000 of 64 bytes failed: Запрос ReadProcessMemory или WriteProcessMemory был выполнен только частично. (0x12B)
[1025/185454.943:WARNING:pe_image_reader.cc(340)] could not read dos header from C:\Windows\SYSTEM32\CRYPTBASE.DLL
[1025/185454.963:ERROR:process_memory_win.cc(73)] ReadMemory at 0x7ff792080000 of 64 bytes failed: Запрос ReadProcessMemory или WriteProcessMemory был выполнен только частично. (0x12B)
[1025/185454.964:WARNING:pe_image_reader.cc(340)] could not read dos header from C:\Program Files (x86)\Google\Chrome\Application\chrome.exe
[1025/185454.964:ERROR:process_memory_win.cc(73)] ReadMemory at 0x7ffc69ff0000 of 64 bytes failed: Запрос ReadProcessMemory или WriteProcessMemory был выполнен только частично. (0x12B)
[1025/185454.964:WARNING:pe_image_reader.cc(340)] could not read dos header from C:\Windows\SYSTEM32\ntdll.dll
[1025/185454.964:ERROR:process_memory_win.cc(73)] ReadMemory at 0x7ffc687e0000 of 64 bytes failed: Запрос ReadProcessMemory или WriteProcessMemory был выполнен только частично. (0x12B)
[1025/185454.964:WARNING:pe_image_reader.cc(340)] could not read dos header from C:\Windows\System32\KERNEL32.DLL
[1025/185454.964:ERROR:process_memory_win.cc(73)] ReadMemory at 0x7ffc67740000 of 64 bytes failed: Запрос ReadProcessMemory или WriteProcessMemory был выполнен только частично. (0x12B)
[1025/185454.964:WARNING:pe_image_reader.cc(340)] could not read dos header from C:\Windows\System32\KERNELBASE.dll
[1025/185454.964:ERROR:process_memory_win.cc(73)] ReadMemory at 0x7ffc41130000 of 64 bytes failed: Запрос ReadProcessMemory или WriteProcessMemory был выполнен только частично. (0x12B)
[1025/185454.964:WARNING:pe_image_reader.cc(340)] could not read dos header from C:\Program Files (x86)\Google\Chrome\Application\86.0.4240.111\chrome_elf.dll
[1025/185454.965:ERROR:process_memory_win.cc(73)] ReadMemory at 0x7ffc60ed0000 of 64 bytes failed: Запрос ReadProcessMemory или WriteProcessMemory был выполнен только частично. (0x12B)
[1025/185454.965:WARNING:pe_image_reader.cc(340)] could not read dos header from C:\Windows\SYSTEM32\VERSION.dll
[1025/185454.965:ERROR:process_memory_win.cc(73)] ReadMemory at 0x7ffc689d0000 of 64 bytes failed: Запрос ReadProcessMemory или WriteProcessMemory был выполнен только частично. (0x12B)
[1025/185454.965:WARNING:pe_image_reader.cc(340)] could not read dos header from C:\Windows\System32\msvcrt.dll
[1025/185454.965:ERROR:process_memory_win.cc(73)] ReadMemory at 0x7ffc68ec0000 of 64 bytes failed: Запрос ReadProcessMemory или WriteProcessMemory был выполнен только частично. (0x12B)
[1025/185454.965:WARNING:pe_image_reader.cc(340)] could not read dos header from C:\Windows\System32\ADVAPI32.dll
[1025/185454.965:ERROR:process_memory_win.cc(73)] ReadMemory at 0x7ffc69d70000 of 64 bytes failed: Запрос ReadProcessMemory или WriteProcessMemory был выполнен только частично. (0x12B)
[1025/185454.965:WARNING:pe_image_reader.cc(340)] could not read dos header from C:\Windows\System32\sechost.dll
[1025/185454.965:ERROR:process_memory_win.cc(73)] ReadMemory at 0x7ffc69be0000 of 64 bytes failed: Запрос ReadProcessMemory или WriteProcessMemory был выполнен только частично. (0x12B)
[1025/185454.966:WARNING:pe_image_reader.cc(340)] could not read dos header from C:\Windows\System32\RPCRT4.dll
[1025/185454.966:ERROR:process_memory_win.cc(73)] ReadMemory at 0x7ffc270d0000 of 64 bytes failed: Запрос ReadProcessMemory или WriteProcessMemory был выполнен только частично. (0x12B)
[1025/185454.966:WARNING:pe_image_reader.cc(340)] could not read dos header from C:\Program Files (x86)\Google\Chrome\Application\86.0.4240.111\chrome.dll
[1025/185454.966:ERROR:process_memory_win.cc(73)] ReadMemory at 0x7ffc68f70000 of 64 bytes failed: Запрос ReadProcessMemory или WriteProcessMemory был выполнен только частично. (0x12B)
[1025/185454.966:WARNING:pe_image_reader.cc(340)] could not read dos header from C:\Windows\System32\WS2_32.dll
[1025/185454.966:ERROR:process_memory_win.cc(73)] ReadMemory at 0x7ffc68d30000 of 64 bytes failed: Запрос ReadProcessMemory или WriteProcessMemory был выполнен только частично. (0x12B)
[1025/185454.966:WARNING:pe_image_reader.cc(340)] could not read dos header from C:\Windows\System32\OLEAUT32.dll
[1025/185454.967:ERROR:process_memory_win.cc(73)] ReadMemory at 0x7ffc67c00000 of 64 bytes failed: Запрос ReadProcessMemory или WriteProcessMemory был выполнен только частично. (0x12B)
[1025/185454.967:WARNING:pe_image_reader.cc(340)] could not read dos header from C:\Windows\System32\msvcp_win.dll
[1025/185454.967:ERROR:process_memory_win.cc(73)] ReadMemory at 0x7ffc67e00000 of 64 bytes failed: Запрос ReadProcessMemory или WriteProcessMemory был выполнен только частично. (0x12B)
[1025/185454.967:WARNING:pe_image_reader.cc(340)] could not read dos header from C:\Windows\System32\ucrtbase.dll
[1025/185454.967:ERROR:process_memory_win.cc(73)] ReadMemory at 0x7ffc69410000 of 64 bytes failed: Запрос ReadProcessMemory или WriteProcessMemory был выполнен только частично. (0x12B)
[1025/185454.967:WARNING:pe_image_reader.cc(340)] could not read dos header from C:\Windows\System32\combase.dll
[1025/185454.967:ERROR:process_memory_win.cc(73)] ReadMemory at 0x7ffc67af0000 of 64 bytes failed: Запрос ReadProcessMemory или WriteProcessMemory был выполнен только частично. (0x12B)
[1025/185454.967:WARNING:pe_image_reader.cc(340)] could not read dos header from C:\Windows\System32\WINTRUST.dll
[1025/185454.967:ERROR:process_memory_win.cc(73)] ReadMemory at 0x7ffc67ca0000 of 64 bytes failed: Запрос ReadProcessMemory или WriteProcessMemory был выполнен только частично. (0x12B)
[1025/185454.967:WARNING:pe_image_reader.cc(340)] could not read dos header from C:\Windows\System32\CRYPT32.dll
[1025/185454.968:ERROR:process_memory_win.cc(73)] ReadMemory at 0x7ffc53770000 of 64 bytes failed: Запрос ReadProcessMemory или WriteProcessMemory был выполнен только частично. (0x12B)
[1025/185454.968:WARNING:pe_image_reader.cc(340)] could not read dos header from C:\Windows\SYSTEM32\dbghelp.dll
[1025/185454.968:ERROR:process_memory_win.cc(73)] ReadMemory at 0x7ffc66b50000 of 64 bytes failed: Запрос ReadProcessMemory или WriteProcessMemory был выполнен только частично. (0x12B)
[1025/185454.968:WARNING:pe_image_reader.cc(340)] could not read dos header from C:\Windows\SYSTEM32\IPHLPAPI.DLL
[1025/185454.968:ERROR:process_memory_win.cc(73)] ReadMemory at 0x7ffc5bea0000 of 64 bytes failed: Запрос ReadProcessMemory или WriteProcessMemory был выполнен только частично. (0x12B)
[1025/185454.968:WARNING:pe_image_reader.cc(340)] could not read dos header from C:\Windows\SYSTEM32\WINMM.dll
[1025/185454.968:ERROR:process_memory_win.cc(73)] ReadMemory at 0x7ffc4bae0000 of 64 bytes failed: Запрос ReadProcessMemory или WriteProcessMemory был выполнен только частично. (0x12B)
[1025/185454.968:WARNING:pe_image_reader.cc(340)] could not read dos header from C:\Windows\SYSTEM32\UIAutomationCore.DLL
[1025/185454.968:ERROR:process_memory_win.cc(73)] ReadMemory at 0x7ffc62830000 of 64 bytes failed: Запрос ReadProcessMemory или WriteProcessMemory был выполнен только частично. (0x12B)
[1025/185454.968:WARNING:pe_image_reader.cc(340)] could not read dos header from C:\Windows\SYSTEM32\Secur32.dll
[1025/185454.968:ERROR:process_memory_win.cc(73)] ReadMemory at 0x7ffc675f0000 of 64 bytes failed: Запрос ReadProcessMemory или WriteProcessMemory был выполнен только частично. (0x12B)
[1025/185454.968:WARNING:pe_image_reader.cc(340)] could not read dos header from C:\Windows\SYSTEM32\USERENV.dll
[1025/185454.969:ERROR:process_memory_win.cc(73)] ReadMemory at 0x7ffc5ce90000 of 64 bytes failed: Запрос ReadProcessMemory или WriteProcessMemory был выполнен только частично. (0x12B)
[1025/185454.969:WARNING:pe_image_reader.cc(340)] could not read dos header from C:\Windows\SYSTEM32\DWrite.dll
[1025/185454.969:ERROR:process_memory_win.cc(73)] ReadMemory at 0x7ffc5c4c0000 of 64 bytes failed: Запрос ReadProcessMemory или WriteProcessMemory был выполнен только частично. (0x12B)
[1025/185454.969:WARNING:pe_image_reader.cc(340)] could not read dos header from C:\Windows\SYSTEM32\WINSPOOL.DRV
[1025/185454.969:ERROR:process_memory_win.cc(73)] ReadMemory at 0x7ffc606b0000 of 64 bytes failed: Запрос ReadProcessMemory или WriteProcessMemory был выполнен только частично. (0x12B)
[1025/185454.969:WARNING:pe_image_reader.cc(340)] could not read dos header from C:\Windows\SYSTEM32\WINHTTP.dll
[1025/185454.969:ERROR:process_memory_win.cc(73)] ReadMemory at 0x7ffc60c00000 of 64 bytes failed: Запрос ReadProcessMemory или WriteProcessMemory был выполнен только частично. (0x12B)
[1025/185454.969:WARNING:pe_image_reader.cc(340)] could not read dos header from C:\Windows\SYSTEM32\dhcpcsvc.DLL
[1025/185454.969:ERROR:process_memory_win.cc(73)] ReadMemory at 0x7ffc63380000 of 64 bytes failed: Запрос ReadProcessMemory или WriteProcessMemory был выполнен только частично. (0x12B)
[1025/185454.969:WARNING:pe_image_reader.cc(340)] could not read dos header from C:\Windows\SYSTEM32\PROPSYS.dll
[1025/185454.970:ERROR:process_memory_win.cc(73)] ReadMemory at 0x7ffc67620000 of 64 bytes failed: Запрос ReadProcessMemory или WriteProcessMemory был выполнен только частично. (0x12B)
[1025/185454.970:WARNING:pe_image_reader.cc(340)] could not read dos header from C:\Windows\SYSTEM32\SSPICLI.DLL
[1025/185454.970:ERROR:process_memory_win.cc(73)] ReadMemory at 0x7ffc672c0000 of 64 bytes failed: Запрос ReadProcessMemory или WriteProcessMemory был выполнен только частично. (0x12B)
[1025/185454.970:WARNING:pe_image_reader.cc(340)] could not read dos header from C:\Windows\System32\MSASN1.dll
[1025/185454.970:ERROR:process_memory_win.cc(73)] ReadMemory at 0x7ffc67a40000 of 64 bytes failed: Запрос ReadProcessMemory или WriteProcessMemory был выполнен только частично. (0x12B)
[1025/185454.970:WARNING:pe_image_reader.cc(340)] could not read dos header from C:\Windows\System32\bcryptPrimitives.dll
[1025/185454.970:ERROR:process_memory_win.cc(73)] ReadMemory at 0x7ffc67050000 of 64 bytes failed: Запрос ReadProcessMemory или WriteProcessMemory был выполнен только частично. (0x12B)
[1025/185454.970:WARNING:pe_image_reader.cc(340)] could not read dos header from C:\Windows\SYSTEM32\CRYPTBASE.DLL
[1025/185454.970:ERROR:process_memory_win.cc(73)] ReadMemory at 0x7ff792080000 of 64 bytes failed: Запрос ReadProcessMemory или WriteProcessMemory был выполнен только частично. (0x12B)
[1025/185454.970:WARNING:pe_image_reader.cc(340)] could not read dos header from C:\Program Files (x86)\Google\Chrome\Application\chrome.exe
[1025/185454.971:ERROR:process_memory_win.cc(73)] ReadMemory at 0x7ffc69ff0000 of 64 bytes failed: Запрос ReadProcessMemory или WriteProcessMemory был выполнен только частично. (0x12B)
[1025/185454.971:WARNING:pe_image_reader.cc(340)] could not read dos header from C:\Windows\SYSTEM32\ntdll.dll
[1025/185454.971:ERROR:process_memory_win.cc(73)] ReadMemory at 0x7ffc687e0000 of 64 bytes failed: Запрос ReadProcessMemory или WriteProcessMemory был выполнен только частично. (0x12B)
[1025/185454.971:WARNING:pe_image_reader.cc(340)] could not read dos header from C:\Windows\System32\KERNEL32.DLL
[1025/185454.971:ERROR:process_memory_win.cc(73)] ReadMemory at 0x7ffc67740000 of 64 bytes failed: Запрос ReadProcessMemory или WriteProcessMemory был выполнен только частично. (0x12B)
[1025/185454.971:WARNING:pe_image_reader.cc(340)] could not read dos header from C:\Windows\System32\KERNELBASE.dll
[1025/185454.971:ERROR:process_memory_win.cc(73)] ReadMemory at 0x7ffc41130000 of 64 bytes failed: Запрос ReadProcessMemory или WriteProcessMemory был выполнен только частично. (0x12B)
[1025/185454.971:WARNING:pe_image_reader.cc(340)] could not read dos header from C:\Program Files (x86)\Google\Chrome\Application\86.0.4240.111\chrome_elf.dll
[1025/185454.971:ERROR:process_memory_win.cc(73)] ReadMemory at 0x7ffc60ed0000 of 64 bytes failed: Запрос ReadProcessMemory или WriteProcessMemory был выполнен только частично. (0x12B)
[1025/185454.971:WARNING:pe_image_reader.cc(340)] could not read dos header from C:\Windows\SYSTEM32\VERSION.dll
[1025/185454.971:ERROR:process_memory_win.cc(73)] ReadMemory at 0x7ffc689d0000 of 64 bytes failed: Запрос ReadProcessMemory или WriteProcessMemory был выполнен только частично. (0x12B)
[1025/185454.971:WARNING:pe_image_reader.cc(340)] could not read dos header from C:\Windows\System32\msvcrt.dll
[1025/185454.972:ERROR:process_memory_win.cc(73)] ReadMemory at 0x7ffc68ec0000 of 64 bytes failed: Запрос ReadProcessMemory или WriteProcessMemory был выполнен только частично. (0x12B)
[1025/185454.972:WARNING:pe_image_reader.cc(340)] could not read dos header from C:\Windows\System32\ADVAPI32.dll
[1025/185454.974:ERROR:process_memory_win.cc(73)] ReadMemory at 0x7ffc69d70000 of 64 bytes failed: Запрос ReadProcessMemory или WriteProcessMemory был выполнен только частично. (0x12B)
[1025/185454.974:WARNING:pe_image_reader.cc(340)] could not read dos header from C:\Windows\System32\sechost.dll
[1025/185454.974:ERROR:process_memory_win.cc(73)] ReadMemory at 0x7ffc69be0000 of 64 bytes failed: Запрос ReadProcessMemory или WriteProcessMemory был выполнен только частично. (0x12B)
[1025/185454.974:WARNING:pe_image_reader.cc(340)] could not read dos header from C:\Windows\System32\RPCRT4.dll
[1025/185454.975:ERROR:process_memory_win.cc(73)] ReadMemory at 0x7ffc270d0000 of 64 bytes failed: Запрос ReadProcessMemory или WriteProcessMemory был выполнен только частично. (0x12B)
[1025/185454.975:WARNING:pe_image_reader.cc(340)] could not read dos header from C:\Program Files (x86)\Google\Chrome\Application\86.0.4240.111\chrome.dll
[1025/185454.975:ERROR:process_memory_win.cc(73)] ReadMemory at 0x7ffc68f70000 of 64 bytes failed: Запрос ReadProcessMemory или WriteProcessMemory был выполнен только частично. (0x12B)
[1025/185454.975:WARNING:pe_image_reader.cc(340)] could not read dos header from C:\Windows\System32\WS2_32.dll
[1025/185454.975:ERROR:process_memory_win.cc(73)] ReadMemory at 0x7ffc68d30000 of 64 bytes failed: Запрос ReadProcessMemory или WriteProcessMemory был выполнен только частично. (0x12B)
[1025/185454.975:WARNING:pe_image_reader.cc(340)] could not read dos header from C:\Windows\System32\OLEAUT32.dll
[1025/185454.975:ERROR:process_memory_win.cc(73)] ReadMemory at 0x7ffc67c00000 of 64 bytes failed: Запрос ReadProcessMemory или WriteProcessMemory был выполнен только частично. (0x12B)
[1025/185454.975:WARNING:pe_image_reader.cc(340)] could not read dos header from C:\Windows\System32\msvcp_win.dll
[1025/185454.975:ERROR:process_memory_win.cc(73)] ReadMemory at 0x7ffc67e00000 of 64 bytes failed: Запрос ReadProcessMemory или WriteProcessMemory был выполнен только частично. (0x12B)
[1025/185454.975:WARNING:pe_image_reader.cc(340)] could not read dos header from C:\Windows\System32\ucrtbase.dll
[1025/185454.976:ERROR:process_memory_win.cc(73)] ReadMemory at 0x7ffc69410000 of 64 bytes failed: Запрос ReadProcessMemory или WriteProcessMemory был выполнен только частично. (0x12B)
[1025/185454.976:WARNING:pe_image_reader.cc(340)] could not read dos header from C:\Windows\System32\combase.dll
[1025/185454.976:ERROR:process_memory_win.cc(73)] ReadMemory at 0x7ffc67af0000 of 64 bytes failed: Запрос ReadProcessMemory или WriteProcessMemory был выполнен только частично. (0x12B)
[1025/185454.976:WARNING:pe_image_reader.cc(340)] could not read dos header from C:\Windows\System32\WINTRUST.dll
[1025/185454.976:ERROR:process_memory_win.cc(73)] ReadMemory at 0x7ffc67ca0000 of 64 bytes failed: Запрос ReadProcessMemory или WriteProcessMemory был выполнен только частично. (0x12B)
[1025/185454.976:WARNING:pe_image_reader.cc(340)] could not read dos header from C:\Windows\System32\CRYPT32.dll
[1025/185454.976:ERROR:process_memory_win.cc(73)] ReadMemory at 0x7ffc53770000 of 64 bytes failed: Запрос ReadProcessMemory или WriteProcessMemory был выполнен только частично. (0x12B)
[1025/185454.976:WARNING:pe_image_reader.cc(340)] could not read dos header from C:\Windows\SYSTEM32\dbghelp.dll
[1025/185454.976:ERROR:process_memory_win.cc(73)] ReadMemory at 0x7ffc66b50000 of 64 bytes failed: Запрос ReadProcessMemory или WriteProcessMemory был выполнен только частично. (0x12B)
[1025/185454.976:WARNING:pe_image_reader.cc(340)] could not read dos header from C:\Windows\SYSTEM32\IPHLPAPI.DLL
[1025/185454.976:ERROR:process_memory_win.cc(73)] ReadMemory at 0x7ffc5bea0000 of 64 bytes failed: Запрос ReadProcessMemory или WriteProcessMemory был выполнен только частично. (0x12B)
[1025/185454.976:WARNING:pe_image_reader.cc(340)] could not read dos header from C:\Windows\SYSTEM32\WINMM.dll
[1025/185454.976:ERROR:process_memory_win.cc(73)] ReadMemory at 0x7ffc4bae0000 of 64 bytes failed: Запрос ReadProcessMemory или WriteProcessMemory был выполнен только частично. (0x12B)
[1025/185454.977:WARNING:pe_image_reader.cc(340)] could not read dos header from C:\Windows\SYSTEM32\UIAutomationCore.DLL
[1025/185454.977:ERROR:process_memory_win.cc(73)] ReadMemory at 0x7ffc62830000 of 64 bytes failed: Запрос ReadProcessMemory или WriteProcessMemory был выполнен только частично. (0x12B)
[1025/185454.977:WARNING:pe_image_reader.cc(340)] could not read dos header from C:\Windows\SYSTEM32\Secur32.dll
[1025/185454.977:ERROR:process_memory_win.cc(73)] ReadMemory at 0x7ffc675f0000 of 64 bytes failed: Запрос ReadProcessMemory или WriteProcessMemory был выполнен только частично. (0x12B)
[1025/185454.977:WARNING:pe_image_reader.cc(340)] could not read dos header from C:\Windows\SYSTEM32\USERENV.dll
[1025/185454.977:ERROR:process_memory_win.cc(73)] ReadMemory at 0x7ffc5ce90000 of 64 bytes failed: Запрос ReadProcessMemory или WriteProcessMemory был выполнен только частично. (0x12B)
[1025/185454.977:WARNING:pe_image_reader.cc(340)] could not read dos header from C:\Windows\SYSTEM32\DWrite.dll
[1025/185454.977:ERROR:process_memory_win.cc(73)] ReadMemory at 0x7ffc5c4c0000 of 64 bytes failed: Запрос ReadProcessMemory или WriteProcessMemory был выполнен только частично. (0x12B)
[1025/185454.977:WARNING:pe_image_reader.cc(340)] could not read dos header from C:\Windows\SYSTEM32\WINSPOOL.DRV
[1025/185454.977:ERROR:process_memory_win.cc(73)] ReadMemory at 0x7ffc606b0000 of 64 bytes failed: Запрос ReadProcessMemory или WriteProcessMemory был выполнен только частично. (0x12B)
[1025/185454.977:WARNING:pe_image_reader.cc(340)] could not read dos header from C:\Windows\SYSTEM32\WINHTTP.dll
[1025/185454.978:ERROR:process_memory_win.cc(73)] ReadMemory at 0x7ffc60c00000 of 64 bytes failed: Запрос ReadProcessMemory или WriteProcessMemory был выполнен только частично. (0x12B)
[1025/185454.978:WARNING:pe_image_reader.cc(340)] could not read dos header from C:\Windows\SYSTEM32\dhcpcsvc.DLL
[1025/185454.978:ERROR:process_memory_win.cc(73)] ReadMemory at 0x7ffc63380000 of 64 bytes failed: Запрос ReadProcessMemory или WriteProcessMemory был выполнен только частично. (0x12B)
[1025/185454.978:WARNING:pe_image_reader.cc(340)] could not read dos header from C:\Windows\SYSTEM32\PROPSYS.dll
[1025/185454.978:ERROR:process_memory_win.cc(73)] ReadMemory at 0x7ffc67620000 of 64 bytes failed: Запрос ReadProcessMemory или WriteProcessMemory был выполнен только частично. (0x12B)
[1025/185454.978:WARNING:pe_image_reader.cc(340)] could not read dos header from C:\Windows\SYSTEM32\SSPICLI.DLL
[1025/185454.978:ERROR:process_memory_win.cc(73)] ReadMemory at 0x7ffc672c0000 of 64 bytes failed: Запрос ReadProcessMemory или WriteProcessMemory был выполнен только частично. (0x12B)
[1025/185454.978:WARNING:pe_image_reader.cc(340)] could not read dos header from C:\Windows\System32\MSASN1.dll
[1025/185454.978:ERROR:process_memory_win.cc(73)] ReadMemory at 0x7ffc67a40000 of 64 bytes failed: Запрос ReadProcessMemory или WriteProcessMemory был выполнен только частично. (0x12B)
[1025/185454.978:WARNING:pe_image_reader.cc(340)] could not read dos header from C:\Windows\System32\bcryptPrimitives.dll
[1025/185454.978:ERROR:process_memory_win.cc(73)] ReadMemory at 0x7ffc67050000 of 64 bytes failed: Запрос ReadProcessMemory или WriteProcessMemory был выполнен только частично. (0x12B)
[1025/185454.978:WARNING:pe_image_reader.cc(340)] could not read dos header from C:\Windows\SYSTEM32\CRYPTBASE.DLL
[1025/185455.415:ERROR:process_memory_win.cc(73)] ReadMemory at 0x7cf87f3000 of 53248 bytes failed: Запрос ReadProcessMemory или WriteProcessMemory был выполнен только частично. (0x12B)
[1025/185455.424:ERROR:process_memory_win.cc(73)] ReadMemory at 0x7cf8ffd000 of 12288 bytes failed: Запрос ReadProcessMemory или WriteProcessMemory был выполнен только частично. (0x12B)
[1025/185455.425:ERROR:process_memory_win.cc(73)] ReadMemory at 0x7cf97fe000 of 8192 bytes failed: Запрос ReadProcessMemory или WriteProcessMemory был выполнен только частично. (0x12B)
[1025/185455.425:ERROR:process_memory_win.cc(73)] ReadMemory at 0x7cf9ffe000 of 8192 bytes failed: Запрос ReadProcessMemory или WriteProcessMemory был выполнен только частично. (0x12B)
[1025/185455.426:ERROR:process_memory_win.cc(73)] ReadMemory at 0x7cfa7fd000 of 12288 bytes failed: Запрос ReadProcessMemory или WriteProcessMemory был выполнен только частично. (0x12B)
[1025/185455.427:ERROR:process_memory_win.cc(73)] ReadMemory at 0x7cfaffe000 of 8192 bytes failed: Запрос ReadProcessMemory или WriteProcessMemory был выполнен только частично. (0x12B)
[1025/185455.427:ERROR:process_memory_win.cc(73)] ReadMemory at 0x7cfb7fe000 of 8192 bytes failed: Запрос ReadProcessMemory или WriteProcessMemory был выполнен только частично. (0x12B)
[1025/185455.428:ERROR:process_memory_win.cc(73)] ReadMemory at 0x7cfbffe000 of 8192 bytes failed: Запрос ReadProcessMemory или WriteProcessMemory был выполнен только частично. (0x12B)
[1025/185455.428:ERROR:process_memory_win.cc(73)] ReadMemory at 0x7cfc7fd000 of 12288 bytes failed: Запрос ReadProcessMemory или WriteProcessMemory был выполнен только частично. (0x12B)
[1025/185455.428:ERROR:process_memory_win.cc(73)] ReadMemory at 0x7cfcffe000 of 8192 bytes failed: Запрос ReadProcessMemory или WriteProcessMemory был выполнен только частично. (0x12B)
[1025/185455.429:ERROR:process_memory_win.cc(73)] ReadMemory at 0x7cfd7fe000 of 8192 bytes failed: Запрос ReadProcessMemory или WriteProcessMemory был выполнен только частично. (0x12B)
[1025/185455.429:ERROR:process_memory_win.cc(73)] ReadMemory at 0x7cfdffe000 of 8192 bytes failed: Запрос ReadProcessMemory или WriteProcessMemory был выполнен только частично. (0x12B)
[1025/185455.429:ERROR:process_memory_win.cc(73)] ReadMemory at 0x7cfe7fe000 of 8192 bytes failed: Запрос ReadProcessMemory или WriteProcessMemory был выполнен только частично. (0x12B)
[1025/185455.429:ERROR:process_memory_win.cc(73)] ReadMemory at 0x7cfeffe000 of 8192 bytes failed: Запрос ReadProcessMemory или WriteProcessMemory был выполнен только частично. (0x12B)
[1025/185455.429:ERROR:process_memory_win.cc(73)] ReadMemory at 0x7cf7f89000 of 852 bytes failed: Запрос ReadProcessMemory или WriteProcessMemory был выполнен только частично. (0x12B)
[1025/185455.430:ERROR:process_memory_win.cc(73)] ReadMemory at 0x7cf7f8a000 of 6024 bytes failed: Запрос ReadProcessMemory или WriteProcessMemory был выполнен только частично. (0x12B)
[1025/185455.430:ERROR:process_memory_win.cc(73)] ReadMemory at 0x7cf7f8c000 of 6024 bytes failed: Запрос ReadProcessMemory или WriteProcessMemory был выполнен только частично. (0x12B)
[1025/185455.430:ERROR:process_memory_win.cc(73)] ReadMemory at 0x7cf7f8e000 of 6024 bytes failed: Запрос ReadProcessMemory или WriteProcessMemory был выполнен только частично. (0x12B)
[1025/185455.431:ERROR:process_memory_win.cc(73)] ReadMemory at 0x7cf7f90000 of 6024 bytes failed: Запрос ReadProcessMemory или WriteProcessMemory был выполнен только частично. (0x12B)
[1025/185455.431:ERROR:process_memory_win.cc(73)] ReadMemory at 0x7cf7f92000 of 6024 bytes failed: Запрос ReadProcessMemory или WriteProcessMemory был выполнен только частично. (0x12B)
[1025/185455.431:ERROR:process_memory_win.cc(73)] ReadMemory at 0x7cf7f94000 of 6024 bytes failed: Запрос ReadProcessMemory или WriteProcessMemory был выполнен только частично. (0x12B)
[1025/185455.433:ERROR:process_memory_win.cc(73)] ReadMemory at 0x7cf7f96000 of 6024 bytes failed: Запрос ReadProcessMemory или WriteProcessMemory был выполнен только частично. (0x12B)
[1025/185455.434:ERROR:process_memory_win.cc(73)] ReadMemory at 0x7cf7f98000 of 6024 bytes failed: Запрос ReadProcessMemory или WriteProcessMemory был выполнен только частично. (0x12B)
[1025/185455.435:ERROR:process_memory_win.cc(73)] ReadMemory at 0x7cf7f9a000 of 6024 bytes failed: Запрос ReadProcessMemory или WriteProcessMemory был выполнен только частично. (0x12B)
[1025/185455.442:ERROR:process_memory_win.cc(73)] ReadMemory at 0x7cf7f9c000 of 6024 bytes failed: Запрос ReadProcessMemory или WriteProcessMemory был выполнен только частично. (0x12B)
[1025/185455.442:ERROR:process_memory_win.cc(73)] ReadMemory at 0x7cf7f9e000 of 6024 bytes failed: Запрос ReadProcessMemory или WriteProcessMemory был выполнен только частично. (0x12B)
[1025/185455.443:ERROR:process_memory_win.cc(73)] ReadMemory at 0x7cf7fa0000 of 6024 bytes failed: Запрос ReadProcessMemory или WriteProcessMemory был выполнен только частично. (0x12B)
[1025/185455.443:ERROR:process_memory_win.cc(73)] ReadMemory at 0x7cf7fa2000 of 6024 bytes failed: Запрос ReadProcessMemory или WriteProcessMemory был выполнен только частично. (0x12B)
[1025/185455.443:ERROR:process_memory_win.cc(73)] ReadMemory at 0x7cf7fa4000 of 6024 bytes failed: Запрос ReadProcessMemory или WriteProcessMemory был выполнен только частично. (0x12B)
[1025/185455.444:ERROR:process_memory_win.cc(73)] ReadMemory at 0x24a0aa51e40 of 512 bytes failed: Запрос ReadProcessMemory или WriteProcessMemory был выполнен только частично. (0x12B)
[1025/185455.444:ERROR:process_memory_win.cc(73)] ReadMemory at 0x24a0aab0000 of 384 bytes failed: Запрос ReadProcessMemory или WriteProcessMemory был выполнен только частично. (0x12B)
[1025/185455.444:ERROR:process_memory_win.cc(73)] ReadMemory at 0x24a0aab0fe0 of 18774 bytes failed: Запрос ReadProcessMemory или WriteProcessMemory был выполнен только частично. (0x12B)
[1025/185455.446:ERROR:process_memory_win.cc(73)] ReadMemory at 0x24a0aab5940 of 1012 bytes failed: Запрос ReadProcessMemory или WriteProcessMemory был выполнен только частично. (0x12B)
[1025/185455.446:ERROR:process_memory_win.cc(73)] ReadMemory at 0x24a0aab5f88 of 118 bytes failed: Запрос ReadProcessMemory или WriteProcessMemory был выполнен только частично. (0x12B)
[1025/185455.446:ERROR:process_memory_win.cc(73)] ReadMemory at 0x24a0aab6000 of 710 bytes failed: Запрос ReadProcessMemory или WriteProcessMemory был выполнен только частично. (0x12B)
[1025/185455.446:ERROR:process_memory_win.cc(73)] ReadMemory at 0x24a0aab62c8 of 118 bytes failed: Запрос ReadProcessMemory или WriteProcessMemory был выполнен только частично. (0x12B)
[1025/185455.448:ERROR:process_memory_win.cc(73)] ReadMemory at 0x24a0aab6340 of 100 bytes failed: Запрос ReadProcessMemory или WriteProcessMemory был выполнен только частично. (0x12B)
[1025/185455.448:ERROR:process_memory_win.cc(73)] ReadMemory at 0x24a0aab63b0 of 58 bytes failed: Запрос ReadProcessMemory или WriteProcessMemory был выполнен только частично. (0x12B)
[1025/185455.448:ERROR:process_memory_win.cc(73)] ReadMemory at 0x24a0aab64b0 of 132 bytes failed: Запрос ReadProcessMemory или WriteProcessMemory был выполнен только частично. (0x12B)
[1025/185455.449:ERROR:process_memory_win.cc(73)] ReadMemory at 0x24a0aab6640 of 132 bytes failed: Запрос ReadProcessMemory или WriteProcessMemory был выполнен только частично. (0x12B)
[1025/185455.449:ERROR:process_memory_win.cc(73)] ReadMemory at 0x24a0aab6800 of 126 bytes failed: Запрос ReadProcessMemory или WriteProcessMemory был выполнен только частично. (0x12B)
[1025/185455.449:ERROR:process_memory_win.cc(73)] ReadMemory at 0x24a0aab6d00 of 132 bytes failed: Запрос ReadProcessMemory или WriteProcessMemory был выполнен только частично. (0x12B)
[1025/185455.456:ERROR:process_memory_win.cc(73)] ReadMemory at 0x24a0aab6e90 of 64 bytes failed: Запрос ReadProcessMemory или WriteProcessMemory был выполнен только частично. (0x12B)
[1025/185455.457:ERROR:process_memory_win.cc(73)] ReadMemory at 0x24a0aab7050 of 132 bytes failed: Запрос ReadProcessMemory или WriteProcessMemory был выполнен только частично. (0x12B)
[1025/185455.457:ERROR:process_memory_win.cc(73)] ReadMemory at 0x24a0aab7310 of 132 bytes failed: Запрос ReadProcessMemory или WriteProcessMemory был выполнен только частично. (0x12B)
[1025/185455.458:ERROR:process_memory_win.cc(73)] ReadMemory at 0x24a0aab74a0 of 68 bytes failed: Запрос ReadProcessMemory или WriteProcessMemory был выполнен только частично. (0x12B)
[1025/185455.458:ERROR:process_memory_win.cc(73)] ReadMemory at 0x24a0aab8560 of 132 bytes failed: Запрос ReadProcessMemory или WriteProcessMemory был выполнен только частично. (0x12B)
[1025/185455.458:ERROR:process_memory_win.cc(73)] ReadMemory at 0x24a0aab8690 of 154 bytes failed: Запрос ReadProcessMemory или WriteProcessMemory был выполнен только частично. (0x12B)
[1025/185455.458:ERROR:process_memory_win.cc(73)] ReadMemory at 0x24a0aab9420 of 132 bytes failed: Запрос ReadProcessMemory или WriteProcessMemory был выполнен только частично. (0x12B)
[1025/185455.458:ERROR:process_memory_win.cc(73)] ReadMemory at 0x24a0aab9550 of 60 bytes failed: Запрос ReadProcessMemory или WriteProcessMemory был выполнен только частично. (0x12B)
[1025/185455.459:ERROR:process_memory_win.cc(73)] ReadMemory at 0x24a0aab9ee0 of 62 bytes failed: Запрос ReadProcessMemory или WriteProcessMemory был выполнен только частично. (0x12B)
[1025/185455.474:ERROR:process_memory_win.cc(73)] ReadMemory at 0x24a0aac7981 of 512 bytes failed: Запрос ReadProcessMemory или WriteProcessMemory был выполнен только частично. (0x12B)
[1025/185455.474:ERROR:process_memory_win.cc(73)] ReadMemory at 0x24a0aacd840 of 80 bytes failed: Запрос ReadProcessMemory или WriteProcessMemory был выполнен только частично. (0x12B)
[1025/185455.498:ERROR:process_memory_win.cc(73)] ReadMemory at 0x24a0aace500 of 80 bytes failed: Запрос ReadProcessMemory или WriteProcessMemory был выполнен только частично. (0x12B)
[1025/185455.499:ERROR:process_memory_win.cc(73)] ReadMemory at 0x24a0aad0cb0 of 132 bytes failed: Запрос ReadProcessMemory или WriteProcessMemory был выполнен только частично. (0x12B)
[1025/185455.500:ERROR:process_memory_win.cc(73)] ReadMemory at 0x24a0aad34f0 of 132 bytes failed: Запрос ReadProcessMemory или WriteProcessMemory был выполнен только частично. (0x12B)
[1025/185455.500:ERROR:process_memory_win.cc(73)] ReadMemory at 0x24a0aad4250 of 64 bytes failed: Запрос ReadProcessMemory или WriteProcessMemory был выполнен только частично. (0x12B)
[1025/185455.505:ERROR:process_memory_win.cc(73)] ReadMemory at 0x24a0aad42a0 of 66 bytes failed: Запрос ReadProcessMemory или WriteProcessMemory был выполнен только частично. (0x12B)
[1025/185455.505:ERROR:process_memory_win.cc(73)] ReadMemory at 0x24a0aad42f0 of 62 bytes failed: Запрос ReadProcessMemory или WriteProcessMemory был выполнен только частично. (0x12B)
[1025/185455.505:ERROR:process_memory_win.cc(73)] ReadMemory at 0x24a0aad4340 of 58 bytes failed: Запрос ReadProcessMemory или WriteProcessMemory был выполнен только частично. (0x12B)
[1025/185455.505:ERROR:process_memory_win.cc(73)] ReadMemory at 0x24a0aad4570 of 60 bytes failed: Запрос ReadProcessMemory или WriteProcessMemory был выполнен только частично. (0x12B)
[1025/185455.505:ERROR:process_memory_win.cc(73)] ReadMemory at 0x24a0aad4610 of 62 bytes failed: Запрос ReadProcessMemory или WriteProcessMemory был выполнен только частично. (0x12B)
[1025/185455.506:ERROR:process_memory_win.cc(73)] ReadMemory at 0x24a0aad4750 of 64 bytes failed: Запрос ReadProcessMemory или WriteProcessMemory был выполнен только частично. (0x12B)
[1025/185455.506:ERROR:process_memory_win.cc(73)] ReadMemory at 0x24a0aad47a0 of 62 bytes failed: Запрос ReadProcessMemory или WriteProcessMemory был выполнен только частично. (0x12B)
[1025/185455.506:ERROR:process_memory_win.cc(73)] ReadMemory at 0x24a0aad4840 of 64 bytes failed: Запрос ReadProcessMemory или WriteProcessMemory был выполнен только частично. (0x12B)
[1025/185455.506:ERROR:process_memory_win.cc(73)] ReadMemory at 0x24a0aad4890 of 64 bytes failed: Запрос ReadProcessMemory или WriteProcessMemory был выполнен только частично. (0x12B)
[1025/185455.506:ERROR:process_memory_win.cc(73)] ReadMemory at 0x24a0aad48e0 of 62 bytes failed: Запрос ReadProcessMemory или WriteProcessMemory был выполнен только частично. (0x12B)
[1025/185455.506:ERROR:process_memory_win.cc(73)] ReadMemory at 0x24a0aad4930 of 60 bytes failed: Запрос ReadProcessMemory или WriteProcessMemory был выполнен только частично. (0x12B)
[1025/185455.506:ERROR:process_memory_win.cc(73)] ReadMemory at 0x24a0aad4980 of 64 bytes failed: Запрос ReadProcessMemory или WriteProcessMemory был выполнен только частично. (0x12B)
[1025/185455.506:ERROR:process_memory_win.cc(73)] ReadMemory at 0x24a0aad4ac0 of 62 bytes failed: Запрос ReadProcessMemory или WriteProcessMemory был выполнен только частично. (0x12B)
[1025/185455.506:ERROR:process_memory_win.cc(73)] ReadMemory at 0x24a0aad4b10 of 62 bytes failed: Запрос ReadProcessMemory или WriteProcessMemory был выполнен только частично. (0x12B)
[1025/185455.506:ERROR:process_memory_win.cc(73)] ReadMemory at 0x24a0aad4c00 of 62 bytes failed: Запрос ReadProcessMemory или WriteProcessMemory был выполнен только частично. (0x12B)
[1025/185455.506:ERROR:process_memory_win.cc(73)] ReadMemory at 0x24a0aad4c50 of 62 bytes failed: Запрос ReadProcessMemory или WriteProcessMemory был выполнен только частично. (0x12B)
[1025/185455.512:ERROR:process_memory_win.cc(73)] ReadMemory at 0x24a0aad4cf0 of 60 bytes failed: Запрос ReadProcessMemory или WriteProcessMemory был выполнен только частично. (0x12B)
[1025/185455.512:ERROR:process_memory_win.cc(73)] ReadMemory at 0x24a0aad4d90 of 64 bytes failed: Запрос ReadProcessMemory или WriteProcessMemory был выполнен только частично. (0x12B)
[1025/185455.512:ERROR:process_memory_win.cc(73)] ReadMemory at 0x24a0aad4e80 of 62 bytes failed: Запрос ReadProcessMemory или WriteProcessMemory был выполнен только частично. (0x12B)
[1025/185455.512:ERROR:process_memory_win.cc(73)] ReadMemory at 0x24a0aad4f70 of 64 bytes failed: Запрос ReadProcessMemory или WriteProcessMemory был выполнен только частично. (0x12B)
[1025/185455.512:ERROR:process_memory_win.cc(73)] ReadMemory at 0x24a0aad6040 of 132 bytes failed: Запрос ReadProcessMemory или WriteProcessMemory был выполнен только частично. (0x12B)
[1025/185455.514:ERROR:process_memory_win.cc(73)] ReadMemory at 0x24a0aad6170 of 132 bytes failed: Запрос ReadProcessMemory или WriteProcessMemory был выполнен только частично. (0x12B)
[1025/185455.514:ERROR:process_memory_win.cc(73)] ReadMemory at 0x24a0aad62a0 of 132 bytes failed: Запрос ReadProcessMemory или WriteProcessMemory был выполнен только частично. (0x12B)
[1025/185455.514:ERROR:process_memory_win.cc(73)] ReadMemory at 0x24a0aad63d0 of 132 bytes failed: Запрос ReadProcessMemory или WriteProcessMemory был выполнен только частично. (0x12B)
[1025/185455.514:ERROR:process_memory_win.cc(73)] ReadMemory at 0x24a0aad6500 of 132 bytes failed: Запрос ReadProcessMemory или WriteProcessMemory был выполнен только частично. (0x12B)
[1025/185455.514:ERROR:process_memory_win.cc(73)] ReadMemory at 0x24a0aad6630 of 132 bytes failed: Запрос ReadProcessMemory или WriteProcessMemory был выполнен только частично. (0x12B)
[1025/185455.514:ERROR:process_memory_win.cc(73)] ReadMemory at 0x24a0aad7f70 of 512 bytes failed: Запрос ReadProcessMemory или WriteProcessMemory был выполнен только частично. (0x12B)
[1025/185455.514:ERROR:process_memory_win.cc(73)] ReadMemory at 0x24a0aad8e10 of 132 bytes failed: Запрос ReadProcessMemory или WriteProcessMemory был выполнен только частично. (0x12B)
[1025/185455.514:ERROR:process_memory_win.cc(73)] ReadMemory at 0x24a0aad9040 of 132 bytes failed: Запрос ReadProcessMemory или WriteProcessMemory был выполнен только частично. (0x12B)
[1025/185455.514:ERROR:process_memory_win.cc(73)] ReadMemory at 0x24a0aada600 of 132 bytes failed: Запрос ReadProcessMemory или WriteProcessMemory был выполнен только частично. (0x12B)
[1025/185455.514:ERROR:process_memory_win.cc(73)] ReadMemory at 0x24a0aada950 of 132 bytes failed: Запрос ReadProcessMemory или WriteProcessMemory был выполнен только частично. (0x12B)
[1025/185455.514:ERROR:process_memory_win.cc(73)] ReadMemory at 0x24a0aadbe00 of 146 bytes failed: Запрос ReadProcessMemory или WriteProcessMemory был выполнен только частично. (0x12B)
[1025/185455.514:ERROR:process_memory_win.cc(73)] ReadMemory at 0x24a0aade9c0 of 132 bytes failed: Запрос ReadProcessMemory или WriteProcessMemory был выполнен только частично. (0x12B)
[1025/185455.514:ERROR:process_memory_win.cc(73)] ReadMemory at 0x24a0aadeaf0 of 132 bytes failed: Запрос ReadProcessMemory или WriteProcessMemory был выполнен только частично. (0x12B)
[1025/185455.544:ERROR:process_memory_win.cc(73)] ReadMemory at 0x24a0aaded10 of 132 bytes failed: Запрос ReadProcessMemory или WriteProcessMemory был выполнен только частично. (0x12B)
[1025/185455.544:ERROR:process_memory_win.cc(73)] ReadMemory at 0x24a0aadfa30 of 132 bytes failed: Запрос ReadProcessMemory или WriteProcessMemory был выполнен только частично. (0x12B)
[1025/185455.544:ERROR:process_memory_win.cc(73)] ReadMemory at 0x24a0aadfb60 of 132 bytes failed: Запрос ReadProcessMemory или WriteProcessMemory был выполнен только частично. (0x12B)
[1025/185455.544:ERROR:process_memory_win.cc(73)] ReadMemory at 0x24a0aadfc90 of 132 bytes failed: Запрос ReadProcessMemory или WriteProcessMemory был выполнен только частично. (0x12B)
[1025/185455.551:ERROR:process_memory_win.cc(73)] ReadMemory at 0x24a0aadfdc0 of 132 bytes failed: Запрос ReadProcessMemory или WriteProcessMemory был выполнен только частично. (0x12B)
[1025/185455.551:ERROR:process_memory_win.cc(73)] ReadMemory at 0x24a0aadfef0 of 132 bytes failed: Запрос ReadProcessMemory или WriteProcessMemory был выполнен только частично. (0x12B)
[1025/185455.551:ERROR:process_memory_win.cc(73)] ReadMemory at 0x24a0aae0020 of 132 bytes failed: Запрос ReadProcessMemory или WriteProcessMemory был выполнен только частично. (0x12B)
[1025/185455.551:ERROR:process_memory_win.cc(73)] ReadMemory at 0x24a0aae04e0 of 132 bytes failed: Запрос ReadProcessMemory или WriteProcessMemory был выполнен только частично. (0x12B)
[1025/185455.551:ERROR:process_memory_win.cc(73)] ReadMemory at 0x24a0aae0610 of 132 bytes failed: Запрос ReadProcessMemory или WriteProcessMemory был выполнен только частично. (0x12B)
[1025/185455.553:ERROR:process_memory_win.cc(73)] ReadMemory at 0x24a0aae0740 of 132 bytes failed: Запрос ReadProcessMemory или WriteProcessMemory был выполнен только частично. (0x12B)
[1025/185455.553:ERROR:process_memory_win.cc(73)] ReadMemory at 0x24a0aae0870 of 132 bytes failed: Запрос ReadProcessMemory или WriteProcessMemory был выполнен только частично. (0x12B)
[1025/185455.553:ERROR:process_memory_win.cc(73)] ReadMemory at 0x24a0aae9070 of 60 bytes failed: Запрос ReadProcessMemory или WriteProcessMemory был выполнен только частично. (0x12B)
[1025/185455.553:ERROR:process_memory_win.cc(73)] ReadMemory at 0x24a0ab3b570 of 512 bytes failed: Запрос ReadProcessMemory или WriteProcessMemory был выполнен только частично. (0x12B)
[1025/185455.553:ERROR:process_memory_win.cc(73)] ReadMemory at 0x24a0ab40a40 of 512 bytes failed: Запрос ReadProcessMemory или WriteProcessMemory был выполнен только частично. (0x12B)
[1025/185455.553:ERROR:process_memory_win.cc(73)] ReadMemory at 0x24a0ab49b50 of 512 bytes failed: Запрос ReadProcessMemory или WriteProcessMemory был выполнен только частично. (0x12B)
[1025/185455.553:ERROR:process_memory_win.cc(73)] ReadMemory at 0x24a0ab4a8d0 of 512 bytes failed: Запрос ReadProcessMemory или WriteProcessMemory был выполнен только частично. (0x12B)
[1025/185455.566:ERROR:process_memory_win.cc(73)] ReadMemory at 0x24a0ab4b620 of 560 bytes failed: Запрос ReadProcessMemory или WriteProcessMemory был выполнен только частично. (0x12B)
[1025/185455.566:ERROR:process_memory_win.cc(73)] ReadMemory at 0x24a0ab4d000 of 512 bytes failed: Запрос ReadProcessMemory или WriteProcessMemory был выполнен только частично. (0x12B)
[1025/185455.566:ERROR:process_memory_win.cc(73)] ReadMemory at 0x24a0ab5eb70 of 512 bytes failed: Запрос ReadProcessMemory или WriteProcessMemory был выполнен только частично. (0x12B)
[1025/185455.566:ERROR:process_memory_win.cc(73)] ReadMemory at 0x24a0ab66b50 of 512 bytes failed: Запрос ReadProcessMemory или WriteProcessMemory был выполнен только частично. (0x12B)
[1025/185455.566:ERROR:process_memory_win.cc(73)] ReadMemory at 0x24a0ab66db0 of 712 bytes failed: Запрос ReadProcessMemory или WriteProcessMemory был выполнен только частично. (0x12B)
[1025/185455.566:ERROR:process_memory_win.cc(73)] ReadMemory at 0x24a0ab87cb0 of 512 bytes failed: Запрос ReadProcessMemory или WriteProcessMemory был выполнен только частично. (0x12B)
[1025/185455.566:ERROR:process_memory_win.cc(73)] ReadMemory at 0x24a0ab88370 of 512 bytes failed: Запрос ReadProcessMemory или WriteProcessMemory был выполнен только частично. (0x12B)
[1025/185455.566:ERROR:process_memory_win.cc(73)] ReadMemory at 0x24a0ab9a440 of 512 bytes failed: Запрос ReadProcessMemory или WriteProcessMemory был выполнен только частично. (0x12B)
[1025/185455.566:ERROR:process_memory_win.cc(73)] ReadMemory at 0x24a0ab9c140 of 512 bytes failed: Запрос ReadProcessMemory или WriteProcessMemory был выполнен только частично. (0x12B)
[1025/185455.571:ERROR:process_memory_win.cc(73)] ReadMemory at 0x24a0c360000 of 384 bytes failed: Запрос ReadProcessMemory или WriteProcessMemory был выполнен только частично. (0x12B)
[1025/185455.571:ERROR:process_memory_win.cc(73)] ReadMemory at 0x24a0c601b50 of 512 bytes failed: Запрос ReadProcessMemory или WriteProcessMemory был выполнен только частично. (0x12B)
[1025/185455.571:ERROR:process_memory_win.cc(73)] ReadMemory at 0x37fe733f2508 of 512 bytes failed: Запрос ReadProcessMemory или WriteProcessMemory был выполнен только частично. (0x12B)
[1025/185455.571:ERROR:process_memory_win.cc(73)] ReadMemory at 0x7ffc2b0c5323 of 512 bytes failed: Запрос ReadProcessMemory или WriteProcessMemory был выполнен только частично. (0x12B)
[1025/185455.571:ERROR:process_memory_win.cc(73)] ReadMemory at 0x7ffc2fbfc558 of 512 bytes failed: Запрос ReadProcessMemory или WriteProcessMemory был выполнен только частично. (0x12B)
[1025/185455.571:ERROR:process_memory_win.cc(73)] ReadMemory at 0x7ffc679cd738 of 512 bytes failed: Запрос ReadProcessMemory или WriteProcessMemory был выполнен только частично. (0x12B)
[1025/185455.573:ERROR:process_memory_win.cc(73)] ReadMemory at 0x7ffc68804a50 of 512 bytes failed: Запрос ReadProcessMemory или WriteProcessMemory был выполнен только частично. (0x12B)
[1025/185455.573:ERROR:process_memory_win.cc(73)] ReadMemory at 0x7ffc6a002060 of 512 bytes failed: Запрос ReadProcessMemory или WriteProcessMemory был выполнен только частично. (0x12B)
[1025/185455.573:ERROR:process_memory_win.cc(73)] ReadMemory at 0x7ffc6a08bd94 of 672 bytes failed: Запрос ReadProcessMemory или WriteProcessMemory был выполнен только частично. (0x12B)
[1025/185455.573:ERROR:process_memory_win.cc(73)] ReadMemory at 0x7ffc6a08c394 of 512 bytes failed: Запрос ReadProcessMemory или WriteProcessMemory был выполнен только частично. (0x12B)
[1025/185455.573:ERROR:process_memory_win.cc(73)] ReadMemory at 0x7ffc6a08f704 of 608 bytes failed: Запрос ReadProcessMemory или WriteProcessMemory был выполнен только частично. (0x12B)
[1025/185455.575:ERROR:process_memory_win.cc(73)] ReadMemory at 0x7ffc6a1209f0 of 18 bytes failed: Запрос ReadProcessMemory или WriteProcessMemory был выполнен только частично. (0x12B)
[1025/185455.575:ERROR:process_memory_win.cc(73)] ReadMemory at 0x7ffc6a1554f8 of 40 bytes failed: Запрос ReadProcessMemory или WriteProcessMemory был выполнен только частично. (0x12B)
[1025/185455.575:ERROR:process_memory_win.cc(73)] ReadMemory at 0x7ffc6a155978 of 48 bytes failed: Запрос ReadProcessMemory или WriteProcessMemory был выполнен только частично. (0x12B)
[1025/185455.575:ERROR:process_memory_win.cc(73)] ReadMemory at 0x7ffc6a15b4c0 of 64 bytes failed: Запрос ReadProcessMemory или WriteProcessMemory был выполнен только частично. (0x12B)
[1025/185455.583:ERROR:scoped_process_suspend.cc(40)] NtResumeProcess: Попытка доступа к процессу, выполняющему процедуру завершения. (0xc000010a)
[1026/130146.698:ERROR:directory_reader_win.cc(43)] FindFirstFile: Системе не удается найти указанный путь. (0x3)
